{"D:\\MyLife\\Fullstack\\React 2025 Q1\\react-2025-q1\\rs-react-app\\src\\app\\main\\providers\\error-boundary\\ui\\index.tsx": {"path":"D:\\MyLife\\Fullstack\\React 2025 Q1\\react-2025-q1\\rs-react-app\\src\\app\\main\\providers\\error-boundary\\ui\\index.tsx","all":true,"statementMap":{"0":{"start":{"line":1,"column":0},"end":{"line":1,"column":44}},"1":{"start":{"line":2,"column":0},"end":{"line":2,"column":42}},"2":{"start":{"line":3,"column":0},"end":{"line":3,"column":60}},"3":{"start":{"line":4,"column":0},"end":{"line":4,"column":45}},"4":{"start":{"line":5,"column":0},"end":{"line":5,"column":46}},"5":{"start":{"line":6,"column":0},"end":{"line":6,"column":0}},"6":{"start":{"line":7,"column":0},"end":{"line":7,"column":53}},"7":{"start":{"line":8,"column":0},"end":{"line":8,"column":11}},"8":{"start":{"line":9,"column":0},"end":{"line":9,"column":20}},"9":{"start":{"line":10,"column":0},"end":{"line":10,"column":3}},"10":{"start":{"line":11,"column":0},"end":{"line":11,"column":32}},"11":{"start":{"line":12,"column":0},"end":{"line":12,"column":17}},"12":{"start":{"line":13,"column":0},"end":{"line":13,"column":33}},"13":{"start":{"line":14,"column":0},"end":{"line":14,"column":3}},"14":{"start":{"line":15,"column":0},"end":{"line":15,"column":0}},"15":{"start":{"line":16,"column":0},"end":{"line":16,"column":69}},"16":{"start":{"line":17,"column":0},"end":{"line":17,"column":21}},"17":{"start":{"line":18,"column":0},"end":{"line":18,"column":3}},"18":{"start":{"line":19,"column":0},"end":{"line":19,"column":0}},"19":{"start":{"line":20,"column":0},"end":{"line":20,"column":52}},"20":{"start":{"line":21,"column":0},"end":{"line":21,"column":58}},"21":{"start":{"line":22,"column":0},"end":{"line":22,"column":3}},"22":{"start":{"line":23,"column":0},"end":{"line":23,"column":0}},"23":{"start":{"line":24,"column":0},"end":{"line":24,"column":12}},"24":{"start":{"line":25,"column":0},"end":{"line":25,"column":33}},"25":{"start":{"line":26,"column":0},"end":{"line":26,"column":20}},"26":{"start":{"line":27,"column":0},"end":{"line":27,"column":48}},"27":{"start":{"line":28,"column":0},"end":{"line":28,"column":9}},"28":{"start":{"line":29,"column":0},"end":{"line":29,"column":25}},"29":{"start":{"line":30,"column":0},"end":{"line":30,"column":6}},"30":{"start":{"line":31,"column":0},"end":{"line":31,"column":3}},"31":{"start":{"line":32,"column":0},"end":{"line":32,"column":1}}},"s":{"0":0,"1":0,"2":0,"3":0,"4":0,"5":0,"6":0,"7":0,"8":0,"9":0,"10":0,"11":0,"12":0,"13":0,"14":0,"15":0,"16":0,"17":0,"18":0,"19":0,"20":0,"21":0,"22":0,"23":0,"24":0,"25":0,"26":0,"27":0,"28":0,"29":0,"30":0,"31":0},"branchMap":{"0":{"type":"branch","line":1,"loc":{"start":{"line":1,"column":0},"end":{"line":32,"column":1}},"locations":[{"start":{"line":1,"column":0},"end":{"line":32,"column":1}}]}},"b":{"0":[0]},"fnMap":{"0":{"name":"(empty-report)","decl":{"start":{"line":1,"column":0},"end":{"line":32,"column":1}},"loc":{"start":{"line":1,"column":0},"end":{"line":32,"column":1}},"line":1}},"f":{"0":0}}
,"D:\\MyLife\\Fullstack\\React 2025 Q1\\react-2025-q1\\rs-react-app\\src\\app\\main\\ui\\index.tsx": {"path":"D:\\MyLife\\Fullstack\\React 2025 Q1\\react-2025-q1\\rs-react-app\\src\\app\\main\\ui\\index.tsx","all":true,"statementMap":{"0":{"start":{"line":1,"column":0},"end":{"line":1,"column":67}},"1":{"start":{"line":2,"column":0},"end":{"line":2,"column":27}},"2":{"start":{"line":3,"column":0},"end":{"line":3,"column":35}},"3":{"start":{"line":4,"column":0},"end":{"line":4,"column":46}},"4":{"start":{"line":5,"column":0},"end":{"line":5,"column":45}},"5":{"start":{"line":6,"column":0},"end":{"line":6,"column":22}},"6":{"start":{"line":7,"column":0},"end":{"line":7,"column":0}},"7":{"start":{"line":8,"column":0},"end":{"line":8,"column":68}},"8":{"start":{"line":9,"column":0},"end":{"line":9,"column":52}},"9":{"start":{"line":10,"column":0},"end":{"line":10,"column":14}},"10":{"start":{"line":11,"column":0},"end":{"line":11,"column":19}},"11":{"start":{"line":12,"column":0},"end":{"line":12,"column":21}},"12":{"start":{"line":13,"column":0},"end":{"line":13,"column":15}},"13":{"start":{"line":14,"column":0},"end":{"line":14,"column":22}},"14":{"start":{"line":15,"column":0},"end":{"line":15,"column":20}},"15":{"start":{"line":16,"column":0},"end":{"line":16,"column":15}},"16":{"start":{"line":17,"column":0},"end":{"line":17,"column":2}}},"s":{"0":0,"1":0,"2":0,"3":0,"4":0,"5":0,"6":0,"7":0,"8":0,"9":0,"10":0,"11":0,"12":0,"13":0,"14":0,"15":0,"16":0},"branchMap":{"0":{"type":"branch","line":1,"loc":{"start":{"line":1,"column":0},"end":{"line":17,"column":2}},"locations":[{"start":{"line":1,"column":0},"end":{"line":17,"column":2}}]}},"b":{"0":[0]},"fnMap":{"0":{"name":"(empty-report)","decl":{"start":{"line":1,"column":0},"end":{"line":17,"column":2}},"loc":{"start":{"line":1,"column":0},"end":{"line":17,"column":2}},"line":1}},"f":{"0":0}}
,"D:\\MyLife\\Fullstack\\React 2025 Q1\\react-2025-q1\\rs-react-app\\src\\app\\ui\\index.tsx": {"path":"D:\\MyLife\\Fullstack\\React 2025 Q1\\react-2025-q1\\rs-react-app\\src\\app\\ui\\index.tsx","all":true,"statementMap":{"0":{"start":{"line":1,"column":0},"end":{"line":1,"column":45}},"1":{"start":{"line":2,"column":0},"end":{"line":2,"column":44}},"2":{"start":{"line":3,"column":0},"end":{"line":3,"column":60}},"3":{"start":{"line":4,"column":0},"end":{"line":4,"column":73}},"4":{"start":{"line":5,"column":0},"end":{"line":5,"column":45}},"5":{"start":{"line":6,"column":0},"end":{"line":6,"column":0}},"6":{"start":{"line":7,"column":0},"end":{"line":7,"column":31}},"7":{"start":{"line":8,"column":0},"end":{"line":8,"column":10}},"8":{"start":{"line":9,"column":0},"end":{"line":9,"column":12}},"9":{"start":{"line":10,"column":0},"end":{"line":10,"column":48}},"10":{"start":{"line":11,"column":0},"end":{"line":11,"column":57}},"11":{"start":{"line":12,"column":0},"end":{"line":12,"column":14}},"12":{"start":{"line":13,"column":0},"end":{"line":13,"column":12}},"13":{"start":{"line":14,"column":0},"end":{"line":14,"column":16}},"14":{"start":{"line":15,"column":0},"end":{"line":15,"column":77}},"15":{"start":{"line":16,"column":0},"end":{"line":16,"column":8}},"16":{"start":{"line":17,"column":0},"end":{"line":17,"column":13}},"17":{"start":{"line":18,"column":0},"end":{"line":18,"column":4}},"18":{"start":{"line":19,"column":0},"end":{"line":19,"column":1}}},"s":{"0":0,"1":0,"2":0,"3":0,"4":0,"5":0,"6":0,"7":0,"8":0,"9":0,"10":0,"11":0,"12":0,"13":0,"14":0,"15":0,"16":0,"17":0,"18":0},"branchMap":{"0":{"type":"branch","line":1,"loc":{"start":{"line":1,"column":0},"end":{"line":19,"column":1}},"locations":[{"start":{"line":1,"column":0},"end":{"line":19,"column":1}}]}},"b":{"0":[0]},"fnMap":{"0":{"name":"(empty-report)","decl":{"start":{"line":1,"column":0},"end":{"line":19,"column":1}},"loc":{"start":{"line":1,"column":0},"end":{"line":19,"column":1}},"line":1}},"f":{"0":0}}
,"D:\\MyLife\\Fullstack\\React 2025 Q1\\react-2025-q1\\rs-react-app\\src\\entities\\metric-display\\ui\\index.tsx": {"path":"D:\\MyLife\\Fullstack\\React 2025 Q1\\react-2025-q1\\rs-react-app\\src\\entities\\metric-display\\ui\\index.tsx","all":false,"statementMap":{"0":{"start":{"line":1,"column":0},"end":{"line":1,"column":50}},"3":{"start":{"line":4,"column":0},"end":{"line":4,"column":31}},"4":{"start":{"line":5,"column":0},"end":{"line":5,"column":11}},"5":{"start":{"line":6,"column":0},"end":{"line":6,"column":11}},"6":{"start":{"line":7,"column":0},"end":{"line":7,"column":12}},"7":{"start":{"line":8,"column":0},"end":{"line":8,"column":9}},"8":{"start":{"line":9,"column":0},"end":{"line":9,"column":27}},"9":{"start":{"line":10,"column":0},"end":{"line":10,"column":52}},"11":{"start":{"line":12,"column":0},"end":{"line":12,"column":10}},"12":{"start":{"line":13,"column":0},"end":{"line":13,"column":79}},"13":{"start":{"line":14,"column":0},"end":{"line":14,"column":20}},"14":{"start":{"line":15,"column":0},"end":{"line":15,"column":12}},"15":{"start":{"line":16,"column":0},"end":{"line":16,"column":23}},"16":{"start":{"line":17,"column":0},"end":{"line":17,"column":42}},"17":{"start":{"line":18,"column":0},"end":{"line":18,"column":57}},"18":{"start":{"line":19,"column":0},"end":{"line":19,"column":10}},"20":{"start":{"line":21,"column":0},"end":{"line":21,"column":10}},"21":{"start":{"line":22,"column":0},"end":{"line":22,"column":34}},"22":{"start":{"line":23,"column":0},"end":{"line":23,"column":25}},"23":{"start":{"line":24,"column":0},"end":{"line":24,"column":50}},"24":{"start":{"line":25,"column":0},"end":{"line":25,"column":60}},"25":{"start":{"line":26,"column":0},"end":{"line":26,"column":11}},"27":{"start":{"line":28,"column":0},"end":{"line":28,"column":65}},"28":{"start":{"line":29,"column":0},"end":{"line":29,"column":12}},"29":{"start":{"line":30,"column":0},"end":{"line":30,"column":10}},"31":{"start":{"line":32,"column":0},"end":{"line":32,"column":2}}},"s":{"0":1,"3":1,"4":21,"5":21,"6":21,"7":21,"8":21,"9":21,"11":21,"12":21,"13":21,"14":12,"15":12,"16":12,"17":12,"18":12,"20":21,"21":21,"22":12,"23":12,"24":12,"25":12,"27":21,"28":21,"29":21,"31":21},"branchMap":{"0":{"type":"branch","line":4,"loc":{"start":{"line":4,"column":29},"end":{"line":32,"column":2}},"locations":[{"start":{"line":4,"column":29},"end":{"line":32,"column":2}}]},"1":{"type":"branch","line":14,"loc":{"start":{"line":14,"column":7},"end":{"line":19,"column":10}},"locations":[{"start":{"line":14,"column":7},"end":{"line":19,"column":10}}]},"2":{"type":"branch","line":22,"loc":{"start":{"line":22,"column":14},"end":{"line":26,"column":11}},"locations":[{"start":{"line":22,"column":14},"end":{"line":26,"column":11}}]},"3":{"type":"branch","line":28,"loc":{"start":{"line":28,"column":9},"end":{"line":28,"column":62}},"locations":[{"start":{"line":28,"column":9},"end":{"line":28,"column":62}}]},"4":{"type":"branch","line":28,"loc":{"start":{"line":28,"column":58},"end":{"line":28,"column":65}},"locations":[{"start":{"line":28,"column":58},"end":{"line":28,"column":65}}]}},"b":{"0":[21],"1":[12],"2":[12],"3":[9],"4":[12]},"fnMap":{"0":{"name":"MetricDisplay","decl":{"start":{"line":4,"column":29},"end":{"line":32,"column":2}},"loc":{"start":{"line":4,"column":29},"end":{"line":32,"column":2}},"line":4}},"f":{"0":21}}
,"D:\\MyLife\\Fullstack\\React 2025 Q1\\react-2025-q1\\rs-react-app\\src\\features\\error-trigger\\ui\\index.tsx": {"path":"D:\\MyLife\\Fullstack\\React 2025 Q1\\react-2025-q1\\rs-react-app\\src\\features\\error-trigger\\ui\\index.tsx","all":false,"statementMap":{"0":{"start":{"line":1,"column":0},"end":{"line":1,"column":44}},"1":{"start":{"line":2,"column":0},"end":{"line":2,"column":33}},"3":{"start":{"line":4,"column":0},"end":{"line":4,"column":35}},"4":{"start":{"line":5,"column":0},"end":{"line":5,"column":59}},"6":{"start":{"line":7,"column":0},"end":{"line":7,"column":47}},"8":{"start":{"line":9,"column":0},"end":{"line":9,"column":10}},"9":{"start":{"line":10,"column":0},"end":{"line":10,"column":11}},"10":{"start":{"line":11,"column":0},"end":{"line":11,"column":57}},"11":{"start":{"line":12,"column":0},"end":{"line":12,"column":39}},"12":{"start":{"line":13,"column":0},"end":{"line":13,"column":5}},"14":{"start":{"line":15,"column":0},"end":{"line":15,"column":13}},"16":{"start":{"line":17,"column":0},"end":{"line":17,"column":2}}},"s":{"0":1,"1":1,"3":1,"4":6,"6":6,"8":6,"9":6,"10":6,"11":6,"12":6,"14":6,"16":6},"branchMap":{"0":{"type":"branch","line":4,"loc":{"start":{"line":4,"column":28},"end":{"line":17,"column":2}},"locations":[{"start":{"line":4,"column":28},"end":{"line":17,"column":2}}]},"1":{"type":"branch","line":7,"loc":{"start":{"line":7,"column":16},"end":{"line":7,"column":47}},"locations":[{"start":{"line":7,"column":16},"end":{"line":7,"column":47}}]}},"b":{"0":[6],"1":[0]},"fnMap":{"0":{"name":"ErrorTrigger","decl":{"start":{"line":4,"column":28},"end":{"line":17,"column":2}},"loc":{"start":{"line":4,"column":28},"end":{"line":17,"column":2}},"line":4},"1":{"name":"onClick","decl":{"start":{"line":12,"column":15},"end":{"line":12,"column":39}},"loc":{"start":{"line":12,"column":15},"end":{"line":12,"column":39}},"line":12}},"f":{"0":6,"1":0}}
,"D:\\MyLife\\Fullstack\\React 2025 Q1\\react-2025-q1\\rs-react-app\\src\\features\\pagination\\ui\\index.tsx": {"path":"D:\\MyLife\\Fullstack\\React 2025 Q1\\react-2025-q1\\rs-react-app\\src\\features\\pagination\\ui\\index.tsx","all":false,"statementMap":{"0":{"start":{"line":1,"column":0},"end":{"line":1,"column":36}},"4":{"start":{"line":5,"column":0},"end":{"line":5,"column":25}},"5":{"start":{"line":6,"column":0},"end":{"line":6,"column":7}},"6":{"start":{"line":7,"column":0},"end":{"line":7,"column":12}},"7":{"start":{"line":8,"column":0},"end":{"line":8,"column":32}},"8":{"start":{"line":9,"column":0},"end":{"line":9,"column":18}},"9":{"start":{"line":10,"column":0},"end":{"line":10,"column":9}},"10":{"start":{"line":11,"column":0},"end":{"line":11,"column":28}},"11":{"start":{"line":12,"column":0},"end":{"line":12,"column":9}},"12":{"start":{"line":13,"column":0},"end":{"line":13,"column":24}},"13":{"start":{"line":14,"column":0},"end":{"line":14,"column":28}},"14":{"start":{"line":15,"column":0},"end":{"line":15,"column":13}},"15":{"start":{"line":16,"column":0},"end":{"line":16,"column":22}},"17":{"start":{"line":18,"column":0},"end":{"line":18,"column":10}},"18":{"start":{"line":19,"column":0},"end":{"line":19,"column":7}},"19":{"start":{"line":20,"column":0},"end":{"line":20,"column":16}},"20":{"start":{"line":21,"column":0},"end":{"line":21,"column":20}},"21":{"start":{"line":22,"column":0},"end":{"line":22,"column":17}},"22":{"start":{"line":23,"column":0},"end":{"line":23,"column":9}},"23":{"start":{"line":24,"column":0},"end":{"line":24,"column":52}},"24":{"start":{"line":25,"column":0},"end":{"line":25,"column":10}},"25":{"start":{"line":26,"column":0},"end":{"line":26,"column":17}},"26":{"start":{"line":27,"column":0},"end":{"line":27,"column":8}},"27":{"start":{"line":28,"column":0},"end":{"line":28,"column":25}},"28":{"start":{"line":29,"column":0},"end":{"line":29,"column":30}},"29":{"start":{"line":30,"column":0},"end":{"line":30,"column":34}},"30":{"start":{"line":31,"column":0},"end":{"line":31,"column":15}},"32":{"start":{"line":33,"column":0},"end":{"line":33,"column":13}},"33":{"start":{"line":34,"column":0},"end":{"line":34,"column":22}},"34":{"start":{"line":35,"column":0},"end":{"line":35,"column":65}},"35":{"start":{"line":36,"column":0},"end":{"line":36,"column":22}},"36":{"start":{"line":37,"column":0},"end":{"line":37,"column":54}},"37":{"start":{"line":38,"column":0},"end":{"line":38,"column":195}},"38":{"start":{"line":39,"column":0},"end":{"line":39,"column":22}},"39":{"start":{"line":40,"column":0},"end":{"line":40,"column":10}},"40":{"start":{"line":41,"column":0},"end":{"line":41,"column":18}},"41":{"start":{"line":42,"column":0},"end":{"line":42,"column":40}},"42":{"start":{"line":43,"column":0},"end":{"line":43,"column":45}},"43":{"start":{"line":44,"column":0},"end":{"line":44,"column":29}},"44":{"start":{"line":45,"column":0},"end":{"line":45,"column":27}},"45":{"start":{"line":46,"column":0},"end":{"line":46,"column":36}},"46":{"start":{"line":47,"column":0},"end":{"line":47,"column":30}},"47":{"start":{"line":48,"column":0},"end":{"line":48,"column":11}},"48":{"start":{"line":49,"column":0},"end":{"line":49,"column":10}},"50":{"start":{"line":51,"column":0},"end":{"line":51,"column":14}},"51":{"start":{"line":52,"column":0},"end":{"line":52,"column":15}},"52":{"start":{"line":53,"column":0},"end":{"line":53,"column":9}},"54":{"start":{"line":55,"column":0},"end":{"line":55,"column":2}},"56":{"start":{"line":57,"column":0},"end":{"line":57,"column":28}},"57":{"start":{"line":58,"column":0},"end":{"line":58,"column":11}},"58":{"start":{"line":59,"column":0},"end":{"line":59,"column":12}},"59":{"start":{"line":60,"column":0},"end":{"line":60,"column":9}},"60":{"start":{"line":61,"column":0},"end":{"line":61,"column":41}},"61":{"start":{"line":62,"column":0},"end":{"line":62,"column":80}},"62":{"start":{"line":63,"column":0},"end":{"line":63,"column":14}},"63":{"start":{"line":64,"column":0},"end":{"line":64,"column":7}},"66":{"start":{"line":67,"column":0},"end":{"line":67,"column":33}}},"s":{"0":1,"4":1,"5":18,"6":18,"7":18,"8":18,"9":18,"10":18,"11":18,"12":18,"13":18,"14":18,"15":18,"17":18,"18":18,"19":18,"20":18,"21":18,"22":18,"23":18,"24":18,"25":18,"26":18,"27":18,"28":18,"29":18,"30":18,"32":18,"33":18,"34":18,"35":18,"36":2,"37":16,"38":18,"39":18,"40":18,"41":18,"42":18,"43":18,"44":1,"45":1,"46":1,"47":1,"48":1,"50":18,"51":18,"52":18,"54":18,"56":1,"57":9,"58":9,"59":9,"60":9,"61":9,"62":9,"63":9,"66":1},"branchMap":{"0":{"type":"branch","line":5,"loc":{"start":{"line":5,"column":23},"end":{"line":55,"column":2}},"locations":[{"start":{"line":5,"column":23},"end":{"line":55,"column":2}}]},"1":{"type":"branch","line":36,"loc":{"start":{"line":36,"column":10},"end":{"line":37,"column":54}},"locations":[{"start":{"line":36,"column":10},"end":{"line":37,"column":54}}]},"2":{"type":"branch","line":37,"loc":{"start":{"line":37,"column":14},"end":{"line":38,"column":195}},"locations":[{"start":{"line":37,"column":14},"end":{"line":38,"column":195}}]},"3":{"type":"branch","line":42,"loc":{"start":{"line":42,"column":18},"end":{"line":42,"column":38}},"locations":[{"start":{"line":42,"column":18},"end":{"line":42,"column":38}}]},"4":{"type":"branch","line":42,"loc":{"start":{"line":42,"column":33},"end":{"line":42,"column":40}},"locations":[{"start":{"line":42,"column":33},"end":{"line":42,"column":40}}]},"5":{"type":"branch","line":43,"loc":{"start":{"line":43,"column":18},"end":{"line":43,"column":45}},"locations":[{"start":{"line":43,"column":18},"end":{"line":43,"column":45}}]},"6":{"type":"branch","line":44,"loc":{"start":{"line":44,"column":17},"end":{"line":49,"column":10}},"locations":[{"start":{"line":44,"column":17},"end":{"line":49,"column":10}}]},"7":{"type":"branch","line":57,"loc":{"start":{"line":57,"column":26},"end":{"line":64,"column":7}},"locations":[{"start":{"line":57,"column":26},"end":{"line":64,"column":7}}]}},"b":{"0":[18],"1":[2],"2":[16],"3":[2],"4":[16],"5":[14],"6":[1],"7":[9]},"fnMap":{"0":{"name":"PaginationItem","decl":{"start":{"line":5,"column":23},"end":{"line":55,"column":2}},"loc":{"start":{"line":5,"column":23},"end":{"line":55,"column":2}},"line":5},"1":{"name":"onClick","decl":{"start":{"line":44,"column":17},"end":{"line":49,"column":10}},"loc":{"start":{"line":44,"column":17},"end":{"line":49,"column":10}},"line":44},"2":{"name":"Pagination","decl":{"start":{"line":57,"column":26},"end":{"line":64,"column":7}},"loc":{"start":{"line":57,"column":26},"end":{"line":64,"column":7}},"line":57}},"f":{"0":18,"1":1,"2":9}}
,"D:\\MyLife\\Fullstack\\React 2025 Q1\\react-2025-q1\\rs-react-app\\src\\features\\photo-card-wrapper\\ui\\index.tsx": {"path":"D:\\MyLife\\Fullstack\\React 2025 Q1\\react-2025-q1\\rs-react-app\\src\\features\\photo-card-wrapper\\ui\\index.tsx","all":false,"statementMap":{"0":{"start":{"line":1,"column":0},"end":{"line":1,"column":62}},"1":{"start":{"line":2,"column":0},"end":{"line":2,"column":54}},"2":{"start":{"line":3,"column":0},"end":{"line":3,"column":44}},"3":{"start":{"line":4,"column":0},"end":{"line":4,"column":47}},"6":{"start":{"line":7,"column":0},"end":{"line":7,"column":71}},"7":{"start":{"line":8,"column":0},"end":{"line":8,"column":60}},"8":{"start":{"line":9,"column":0},"end":{"line":9,"column":65}},"10":{"start":{"line":11,"column":0},"end":{"line":11,"column":47}},"11":{"start":{"line":12,"column":0},"end":{"line":12,"column":59}},"12":{"start":{"line":13,"column":0},"end":{"line":13,"column":34}},"13":{"start":{"line":14,"column":0},"end":{"line":14,"column":36}},"14":{"start":{"line":15,"column":0},"end":{"line":15,"column":38}},"15":{"start":{"line":16,"column":0},"end":{"line":16,"column":10}},"16":{"start":{"line":17,"column":0},"end":{"line":17,"column":5}},"17":{"start":{"line":18,"column":0},"end":{"line":18,"column":4}},"19":{"start":{"line":20,"column":0},"end":{"line":20,"column":10}},"20":{"start":{"line":21,"column":0},"end":{"line":21,"column":12}},"21":{"start":{"line":22,"column":0},"end":{"line":22,"column":142}},"22":{"start":{"line":23,"column":0},"end":{"line":23,"column":18}},"23":{"start":{"line":24,"column":0},"end":{"line":24,"column":27}},"24":{"start":{"line":25,"column":0},"end":{"line":25,"column":32}},"25":{"start":{"line":26,"column":0},"end":{"line":26,"column":26}},"26":{"start":{"line":27,"column":0},"end":{"line":27,"column":8}},"28":{"start":{"line":29,"column":0},"end":{"line":29,"column":16}},"29":{"start":{"line":30,"column":0},"end":{"line":30,"column":15}},"30":{"start":{"line":31,"column":0},"end":{"line":31,"column":23}},"31":{"start":{"line":32,"column":0},"end":{"line":32,"column":28}},"32":{"start":{"line":33,"column":0},"end":{"line":33,"column":12}},"33":{"start":{"line":34,"column":0},"end":{"line":34,"column":38}},"34":{"start":{"line":35,"column":0},"end":{"line":35,"column":22}},"35":{"start":{"line":36,"column":0},"end":{"line":36,"column":71}},"36":{"start":{"line":37,"column":0},"end":{"line":37,"column":10}},"37":{"start":{"line":38,"column":0},"end":{"line":38,"column":8}},"38":{"start":{"line":39,"column":0},"end":{"line":39,"column":14}},"40":{"start":{"line":41,"column":0},"end":{"line":41,"column":2}}},"s":{"0":1,"1":1,"2":1,"3":1,"6":1,"7":43,"8":43,"10":43,"11":1,"12":1,"13":1,"14":1,"15":1,"16":1,"17":1,"19":43,"20":43,"21":43,"22":43,"23":43,"24":1,"25":1,"26":1,"28":43,"29":43,"30":43,"31":43,"32":43,"33":43,"34":43,"35":43,"36":43,"37":43,"38":43,"40":43},"branchMap":{"0":{"type":"branch","line":7,"loc":{"start":{"line":7,"column":32},"end":{"line":41,"column":2}},"locations":[{"start":{"line":7,"column":32},"end":{"line":41,"column":2}}]},"1":{"type":"branch","line":36,"loc":{"start":{"line":36,"column":12},"end":{"line":36,"column":46}},"locations":[{"start":{"line":36,"column":12},"end":{"line":36,"column":46}}]},"2":{"type":"branch","line":36,"loc":{"start":{"line":36,"column":27},"end":{"line":36,"column":71}},"locations":[{"start":{"line":36,"column":27},"end":{"line":36,"column":71}}]},"3":{"type":"branch","line":11,"loc":{"start":{"line":11,"column":22},"end":{"line":18,"column":4}},"locations":[{"start":{"line":11,"column":22},"end":{"line":18,"column":4}}]},"4":{"type":"branch","line":13,"loc":{"start":{"line":13,"column":22},"end":{"line":16,"column":8}},"locations":[{"start":{"line":13,"column":22},"end":{"line":16,"column":8}}]},"5":{"type":"branch","line":24,"loc":{"start":{"line":24,"column":15},"end":{"line":27,"column":8}},"locations":[{"start":{"line":24,"column":15},"end":{"line":27,"column":8}}]}},"b":{"0":[43],"1":[0],"2":[0],"3":[1],"4":[1],"5":[1]},"fnMap":{"0":{"name":"PhotoCardWrapper","decl":{"start":{"line":7,"column":32},"end":{"line":41,"column":2}},"loc":{"start":{"line":7,"column":32},"end":{"line":41,"column":2}},"line":7},"1":{"name":"handleClick","decl":{"start":{"line":11,"column":22},"end":{"line":18,"column":4}},"loc":{"start":{"line":11,"column":22},"end":{"line":18,"column":4}},"line":11},"2":{"name":"onClick","decl":{"start":{"line":24,"column":15},"end":{"line":27,"column":8}},"loc":{"start":{"line":24,"column":15},"end":{"line":27,"column":8}},"line":24}},"f":{"0":43,"1":1,"2":1}}
,"D:\\MyLife\\Fullstack\\React 2025 Q1\\react-2025-q1\\rs-react-app\\src\\features\\photo-details-content-wrapper\\ui\\index.tsx": {"path":"D:\\MyLife\\Fullstack\\React 2025 Q1\\react-2025-q1\\rs-react-app\\src\\features\\photo-details-content-wrapper\\ui\\index.tsx","all":false,"statementMap":{"0":{"start":{"line":1,"column":0},"end":{"line":1,"column":48}},"1":{"start":{"line":2,"column":0},"end":{"line":2,"column":8}},"7":{"start":{"line":8,"column":0},"end":{"line":8,"column":55}},"8":{"start":{"line":9,"column":0},"end":{"line":9,"column":42}},"9":{"start":{"line":10,"column":0},"end":{"line":10,"column":60}},"10":{"start":{"line":11,"column":0},"end":{"line":11,"column":75}},"11":{"start":{"line":12,"column":0},"end":{"line":12,"column":44}},"14":{"start":{"line":15,"column":0},"end":{"line":15,"column":44}},"15":{"start":{"line":16,"column":0},"end":{"line":16,"column":12}},"16":{"start":{"line":17,"column":0},"end":{"line":17,"column":10}},"17":{"start":{"line":18,"column":0},"end":{"line":18,"column":40}},"18":{"start":{"line":19,"column":0},"end":{"line":19,"column":9}},"19":{"start":{"line":20,"column":0},"end":{"line":20,"column":16}},"20":{"start":{"line":21,"column":0},"end":{"line":21,"column":14}},"21":{"start":{"line":22,"column":0},"end":{"line":22,"column":17}},"22":{"start":{"line":23,"column":0},"end":{"line":23,"column":71}},"24":{"start":{"line":25,"column":0},"end":{"line":25,"column":30}},"25":{"start":{"line":26,"column":0},"end":{"line":26,"column":50}},"26":{"start":{"line":27,"column":0},"end":{"line":27,"column":23}},"27":{"start":{"line":28,"column":0},"end":{"line":28,"column":14}},"28":{"start":{"line":29,"column":0},"end":{"line":29,"column":21}},"29":{"start":{"line":30,"column":0},"end":{"line":30,"column":67}},"30":{"start":{"line":31,"column":0},"end":{"line":31,"column":34}},"31":{"start":{"line":32,"column":0},"end":{"line":32,"column":42}},"32":{"start":{"line":33,"column":0},"end":{"line":33,"column":10}},"34":{"start":{"line":35,"column":0},"end":{"line":35,"column":5}},"35":{"start":{"line":36,"column":0},"end":{"line":36,"column":28}},"37":{"start":{"line":38,"column":0},"end":{"line":38,"column":11}},"38":{"start":{"line":39,"column":0},"end":{"line":39,"column":9}},"39":{"start":{"line":40,"column":0},"end":{"line":40,"column":11}},"40":{"start":{"line":41,"column":0},"end":{"line":41,"column":22}},"41":{"start":{"line":42,"column":0},"end":{"line":42,"column":18}},"42":{"start":{"line":43,"column":0},"end":{"line":43,"column":11}},"43":{"start":{"line":44,"column":0},"end":{"line":44,"column":12}},"44":{"start":{"line":45,"column":0},"end":{"line":45,"column":16}},"45":{"start":{"line":46,"column":0},"end":{"line":46,"column":12}},"46":{"start":{"line":47,"column":0},"end":{"line":47,"column":11}},"47":{"start":{"line":48,"column":0},"end":{"line":48,"column":11}},"48":{"start":{"line":49,"column":0},"end":{"line":49,"column":14}},"50":{"start":{"line":51,"column":0},"end":{"line":51,"column":12}},"51":{"start":{"line":52,"column":0},"end":{"line":52,"column":26}},"52":{"start":{"line":53,"column":0},"end":{"line":53,"column":36}},"53":{"start":{"line":54,"column":0},"end":{"line":54,"column":80}},"54":{"start":{"line":55,"column":0},"end":{"line":55,"column":40}},"55":{"start":{"line":56,"column":0},"end":{"line":56,"column":18}},"56":{"start":{"line":57,"column":0},"end":{"line":57,"column":11}},"57":{"start":{"line":58,"column":0},"end":{"line":58,"column":24}},"58":{"start":{"line":59,"column":0},"end":{"line":59,"column":34}},"59":{"start":{"line":60,"column":0},"end":{"line":60,"column":28}},"60":{"start":{"line":61,"column":0},"end":{"line":61,"column":12}},"61":{"start":{"line":62,"column":0},"end":{"line":62,"column":11}},"62":{"start":{"line":63,"column":0},"end":{"line":63,"column":28}},"63":{"start":{"line":64,"column":0},"end":{"line":64,"column":39}},"64":{"start":{"line":65,"column":0},"end":{"line":65,"column":32}},"65":{"start":{"line":66,"column":0},"end":{"line":66,"column":12}},"66":{"start":{"line":67,"column":0},"end":{"line":67,"column":67}},"67":{"start":{"line":68,"column":0},"end":{"line":68,"column":10}},"68":{"start":{"line":69,"column":0},"end":{"line":69,"column":19}},"69":{"start":{"line":70,"column":0},"end":{"line":70,"column":37}},"70":{"start":{"line":71,"column":0},"end":{"line":71,"column":8}},"72":{"start":{"line":73,"column":0},"end":{"line":73,"column":4}},"74":{"start":{"line":75,"column":0},"end":{"line":75,"column":10}},"75":{"start":{"line":76,"column":0},"end":{"line":76,"column":37}},"76":{"start":{"line":77,"column":0},"end":{"line":77,"column":13}},"77":{"start":{"line":78,"column":0},"end":{"line":78,"column":25}},"78":{"start":{"line":79,"column":0},"end":{"line":79,"column":142}},"79":{"start":{"line":80,"column":0},"end":{"line":80,"column":46}},"81":{"start":{"line":82,"column":0},"end":{"line":82,"column":21}},"82":{"start":{"line":83,"column":0},"end":{"line":83,"column":15}},"83":{"start":{"line":84,"column":0},"end":{"line":84,"column":22}},"84":{"start":{"line":85,"column":0},"end":{"line":85,"column":10}},"86":{"start":{"line":87,"column":0},"end":{"line":87,"column":2}}},"s":{"0":1,"1":1,"7":1,"8":1,"9":1,"10":1,"11":1,"14":1,"15":11,"16":11,"17":11,"18":11,"19":11,"20":11,"21":11,"22":11,"24":11,"25":11,"26":11,"27":0,"28":0,"29":0,"30":0,"31":0,"32":0,"34":0,"35":11,"37":3,"38":3,"39":3,"40":3,"41":3,"42":3,"43":3,"44":3,"45":3,"46":3,"47":3,"48":3,"50":3,"51":3,"52":3,"53":11,"54":11,"55":11,"56":11,"57":11,"58":11,"59":11,"60":11,"61":11,"62":11,"63":11,"64":11,"65":11,"66":11,"67":11,"68":11,"69":11,"70":11,"72":11,"74":11,"75":11,"76":11,"77":11,"78":11,"79":11,"81":11,"82":11,"83":11,"84":11,"86":11},"branchMap":{"0":{"type":"branch","line":15,"loc":{"start":{"line":15,"column":42},"end":{"line":87,"column":2}},"locations":[{"start":{"line":15,"column":42},"end":{"line":87,"column":2}}]},"1":{"type":"branch","line":25,"loc":{"start":{"line":25,"column":23},"end":{"line":73,"column":4}},"locations":[{"start":{"line":25,"column":23},"end":{"line":73,"column":4}}]},"2":{"type":"branch","line":26,"loc":{"start":{"line":26,"column":19},"end":{"line":26,"column":50}},"locations":[{"start":{"line":26,"column":19},"end":{"line":26,"column":50}}]},"3":{"type":"branch","line":26,"loc":{"start":{"line":26,"column":47},"end":{"line":27,"column":22}},"locations":[{"start":{"line":26,"column":47},"end":{"line":27,"column":22}}]},"4":{"type":"branch","line":27,"loc":{"start":{"line":27,"column":22},"end":{"line":35,"column":5}},"locations":[{"start":{"line":27,"column":22},"end":{"line":35,"column":5}}]},"5":{"type":"branch","line":35,"loc":{"start":{"line":35,"column":4},"end":{"line":36,"column":23}},"locations":[{"start":{"line":35,"column":4},"end":{"line":36,"column":23}}]},"6":{"type":"branch","line":36,"loc":{"start":{"line":36,"column":16},"end":{"line":54,"column":36}},"locations":[{"start":{"line":36,"column":16},"end":{"line":54,"column":36}}]},"7":{"type":"branch","line":36,"loc":{"start":{"line":36,"column":16},"end":{"line":36,"column":28}},"locations":[{"start":{"line":36,"column":16},"end":{"line":36,"column":28}}]},"8":{"type":"branch","line":36,"loc":{"start":{"line":36,"column":23},"end":{"line":54,"column":36}},"locations":[{"start":{"line":36,"column":23},"end":{"line":54,"column":36}}]},"9":{"type":"branch","line":54,"loc":{"start":{"line":54,"column":21},"end":{"line":54,"column":55}},"locations":[{"start":{"line":54,"column":21},"end":{"line":54,"column":55}}]},"10":{"type":"branch","line":54,"loc":{"start":{"line":54,"column":36},"end":{"line":54,"column":80}},"locations":[{"start":{"line":54,"column":36},"end":{"line":54,"column":80}}]},"11":{"type":"branch","line":55,"loc":{"start":{"line":55,"column":16},"end":{"line":55,"column":28}},"locations":[{"start":{"line":55,"column":16},"end":{"line":55,"column":28}}]},"12":{"type":"branch","line":55,"loc":{"start":{"line":55,"column":32},"end":{"line":55,"column":40}},"locations":[{"start":{"line":55,"column":32},"end":{"line":55,"column":40}}]}},"b":{"0":[11],"1":[11],"2":[4],"3":[7],"4":[0],"5":[7],"6":[9],"7":[4],"8":[3],"9":[0],"10":[0],"11":[3],"12":[0]},"fnMap":{"0":{"name":"PhotoDetailsContentWrapper","decl":{"start":{"line":15,"column":42},"end":{"line":87,"column":2}},"loc":{"start":{"line":15,"column":42},"end":{"line":87,"column":2}},"line":15},"1":{"name":"renderResult","decl":{"start":{"line":25,"column":23},"end":{"line":73,"column":4}},"loc":{"start":{"line":25,"column":23},"end":{"line":73,"column":4}},"line":25}},"f":{"0":11,"1":11}}
,"D:\\MyLife\\Fullstack\\React 2025 Q1\\react-2025-q1\\rs-react-app\\src\\features\\search-bar\\ui\\index.tsx": {"path":"D:\\MyLife\\Fullstack\\React 2025 Q1\\react-2025-q1\\rs-react-app\\src\\features\\search-bar\\ui\\index.tsx","all":false,"statementMap":{"0":{"start":{"line":1,"column":0},"end":{"line":1,"column":36}},"1":{"start":{"line":2,"column":0},"end":{"line":2,"column":42}},"4":{"start":{"line":5,"column":0},"end":{"line":5,"column":72}},"5":{"start":{"line":6,"column":0},"end":{"line":6,"column":50}},"7":{"start":{"line":8,"column":0},"end":{"line":8,"column":69}},"8":{"start":{"line":9,"column":0},"end":{"line":9,"column":27}},"10":{"start":{"line":11,"column":0},"end":{"line":11,"column":27}},"11":{"start":{"line":12,"column":0},"end":{"line":12,"column":61}},"12":{"start":{"line":13,"column":0},"end":{"line":13,"column":39}},"13":{"start":{"line":14,"column":0},"end":{"line":14,"column":5}},"14":{"start":{"line":15,"column":0},"end":{"line":15,"column":4}},"16":{"start":{"line":17,"column":0},"end":{"line":17,"column":10}},"17":{"start":{"line":18,"column":0},"end":{"line":18,"column":62}},"18":{"start":{"line":19,"column":0},"end":{"line":19,"column":33}},"19":{"start":{"line":20,"column":0},"end":{"line":20,"column":14}},"20":{"start":{"line":21,"column":0},"end":{"line":21,"column":38}},"21":{"start":{"line":22,"column":0},"end":{"line":22,"column":24}},"22":{"start":{"line":23,"column":0},"end":{"line":23,"column":24}},"23":{"start":{"line":24,"column":0},"end":{"line":24,"column":148}},"24":{"start":{"line":25,"column":0},"end":{"line":25,"column":32}},"25":{"start":{"line":26,"column":0},"end":{"line":26,"column":12}},"26":{"start":{"line":27,"column":0},"end":{"line":27,"column":21}},"27":{"start":{"line":28,"column":0},"end":{"line":28,"column":54}},"28":{"start":{"line":29,"column":0},"end":{"line":29,"column":19}},"29":{"start":{"line":30,"column":0},"end":{"line":30,"column":25}},"30":{"start":{"line":31,"column":0},"end":{"line":31,"column":10}},"31":{"start":{"line":32,"column":0},"end":{"line":32,"column":15}},"32":{"start":{"line":33,"column":0},"end":{"line":33,"column":88}},"33":{"start":{"line":34,"column":0},"end":{"line":34,"column":23}},"34":{"start":{"line":35,"column":0},"end":{"line":35,"column":9}},"36":{"start":{"line":37,"column":0},"end":{"line":37,"column":17}},"37":{"start":{"line":38,"column":0},"end":{"line":38,"column":17}},"38":{"start":{"line":39,"column":0},"end":{"line":39,"column":11}},"40":{"start":{"line":41,"column":0},"end":{"line":41,"column":2}}},"s":{"0":1,"1":1,"4":1,"5":6,"7":6,"8":1,"10":1,"11":1,"12":1,"13":1,"14":1,"16":6,"17":6,"18":6,"19":6,"20":6,"21":6,"22":6,"23":6,"24":6,"25":6,"26":6,"27":6,"28":6,"29":6,"30":6,"31":6,"32":6,"33":6,"34":6,"36":6,"37":6,"38":6,"40":6},"branchMap":{"0":{"type":"branch","line":5,"loc":{"start":{"line":5,"column":25},"end":{"line":41,"column":2}},"locations":[{"start":{"line":5,"column":25},"end":{"line":41,"column":2}}]},"1":{"type":"branch","line":8,"loc":{"start":{"line":8,"column":23},"end":{"line":15,"column":4}},"locations":[{"start":{"line":8,"column":23},"end":{"line":15,"column":4}}]}},"b":{"0":[6],"1":[1]},"fnMap":{"0":{"name":"SearchBar","decl":{"start":{"line":5,"column":25},"end":{"line":41,"column":2}},"loc":{"start":{"line":5,"column":25},"end":{"line":41,"column":2}},"line":5},"1":{"name":"handleSearch","decl":{"start":{"line":8,"column":23},"end":{"line":15,"column":4}},"loc":{"start":{"line":8,"column":23},"end":{"line":15,"column":4}},"line":8}},"f":{"0":6,"1":1}}
,"D:\\MyLife\\Fullstack\\React 2025 Q1\\react-2025-q1\\rs-react-app\\src\\pages\\gallery\\ui\\index.tsx": {"path":"D:\\MyLife\\Fullstack\\React 2025 Q1\\react-2025-q1\\rs-react-app\\src\\pages\\gallery\\ui\\index.tsx","all":false,"statementMap":{"0":{"start":{"line":1,"column":0},"end":{"line":1,"column":59}},"1":{"start":{"line":2,"column":0},"end":{"line":2,"column":53}},"2":{"start":{"line":3,"column":0},"end":{"line":3,"column":78}},"3":{"start":{"line":4,"column":0},"end":{"line":4,"column":49}},"5":{"start":{"line":6,"column":0},"end":{"line":6,"column":63}},"6":{"start":{"line":7,"column":0},"end":{"line":7,"column":50}},"7":{"start":{"line":8,"column":0},"end":{"line":8,"column":55}},"9":{"start":{"line":10,"column":0},"end":{"line":10,"column":70}},"11":{"start":{"line":12,"column":0},"end":{"line":12,"column":39}},"12":{"start":{"line":13,"column":0},"end":{"line":13,"column":69}},"13":{"start":{"line":14,"column":0},"end":{"line":14,"column":30}},"14":{"start":{"line":15,"column":0},"end":{"line":15,"column":5}},"15":{"start":{"line":16,"column":0},"end":{"line":16,"column":25}},"16":{"start":{"line":17,"column":0},"end":{"line":17,"column":5}},"17":{"start":{"line":18,"column":0},"end":{"line":18,"column":4}},"18":{"start":{"line":19,"column":0},"end":{"line":19,"column":60}},"19":{"start":{"line":20,"column":0},"end":{"line":20,"column":75}},"21":{"start":{"line":22,"column":0},"end":{"line":22,"column":19}},"22":{"start":{"line":23,"column":0},"end":{"line":23,"column":21}},"23":{"start":{"line":24,"column":0},"end":{"line":24,"column":57}},"24":{"start":{"line":25,"column":0},"end":{"line":25,"column":72}},"25":{"start":{"line":26,"column":0},"end":{"line":26,"column":33}},"26":{"start":{"line":27,"column":0},"end":{"line":27,"column":52}},"27":{"start":{"line":28,"column":0},"end":{"line":28,"column":9}},"28":{"start":{"line":29,"column":0},"end":{"line":29,"column":7}},"29":{"start":{"line":30,"column":0},"end":{"line":30,"column":9}},"31":{"start":{"line":32,"column":0},"end":{"line":32,"column":75}},"32":{"start":{"line":33,"column":0},"end":{"line":33,"column":37}},"33":{"start":{"line":34,"column":0},"end":{"line":34,"column":51}},"34":{"start":{"line":35,"column":0},"end":{"line":35,"column":23}},"35":{"start":{"line":36,"column":0},"end":{"line":36,"column":41}},"36":{"start":{"line":37,"column":0},"end":{"line":37,"column":34}},"37":{"start":{"line":38,"column":0},"end":{"line":38,"column":9}},"38":{"start":{"line":39,"column":0},"end":{"line":39,"column":5}},"39":{"start":{"line":40,"column":0},"end":{"line":40,"column":4}},"41":{"start":{"line":42,"column":0},"end":{"line":42,"column":70}},"42":{"start":{"line":43,"column":0},"end":{"line":43,"column":12}},"43":{"start":{"line":44,"column":0},"end":{"line":44,"column":14}},"44":{"start":{"line":45,"column":0},"end":{"line":45,"column":52}},"46":{"start":{"line":47,"column":0},"end":{"line":47,"column":19}},"47":{"start":{"line":48,"column":0},"end":{"line":48,"column":72}},"48":{"start":{"line":49,"column":0},"end":{"line":49,"column":12}},"49":{"start":{"line":50,"column":0},"end":{"line":50,"column":38}},"50":{"start":{"line":51,"column":0},"end":{"line":51,"column":31}},"51":{"start":{"line":52,"column":0},"end":{"line":52,"column":33}},"52":{"start":{"line":53,"column":0},"end":{"line":53,"column":5}},"53":{"start":{"line":54,"column":0},"end":{"line":54,"column":4}},"55":{"start":{"line":56,"column":0},"end":{"line":56,"column":10}},"56":{"start":{"line":57,"column":0},"end":{"line":57,"column":64}},"57":{"start":{"line":58,"column":0},"end":{"line":58,"column":77}},"58":{"start":{"line":59,"column":0},"end":{"line":59,"column":24}},"59":{"start":{"line":60,"column":0},"end":{"line":60,"column":18}},"60":{"start":{"line":61,"column":0},"end":{"line":61,"column":23}},"61":{"start":{"line":62,"column":0},"end":{"line":62,"column":53}},"62":{"start":{"line":63,"column":0},"end":{"line":63,"column":12}},"63":{"start":{"line":64,"column":0},"end":{"line":64,"column":79}},"64":{"start":{"line":65,"column":0},"end":{"line":65,"column":10}},"65":{"start":{"line":66,"column":0},"end":{"line":66,"column":15}},"66":{"start":{"line":67,"column":0},"end":{"line":67,"column":11}},"67":{"start":{"line":68,"column":0},"end":{"line":68,"column":46}},"68":{"start":{"line":69,"column":0},"end":{"line":69,"column":24}},"69":{"start":{"line":70,"column":0},"end":{"line":70,"column":60}},"70":{"start":{"line":71,"column":0},"end":{"line":71,"column":10}},"72":{"start":{"line":73,"column":0},"end":{"line":73,"column":100}},"73":{"start":{"line":74,"column":0},"end":{"line":74,"column":50}},"74":{"start":{"line":75,"column":0},"end":{"line":75,"column":25}},"75":{"start":{"line":76,"column":0},"end":{"line":76,"column":57}},"76":{"start":{"line":77,"column":0},"end":{"line":77,"column":72}},"77":{"start":{"line":78,"column":0},"end":{"line":78,"column":37}},"78":{"start":{"line":79,"column":0},"end":{"line":79,"column":44}},"79":{"start":{"line":80,"column":0},"end":{"line":80,"column":79}},"80":{"start":{"line":81,"column":0},"end":{"line":81,"column":53}},"81":{"start":{"line":82,"column":0},"end":{"line":82,"column":19}},"83":{"start":{"line":84,"column":0},"end":{"line":84,"column":14}},"84":{"start":{"line":85,"column":0},"end":{"line":85,"column":21}},"85":{"start":{"line":86,"column":0},"end":{"line":86,"column":14}},"86":{"start":{"line":87,"column":0},"end":{"line":87,"column":13}},"87":{"start":{"line":88,"column":0},"end":{"line":88,"column":46}},"88":{"start":{"line":89,"column":0},"end":{"line":89,"column":24}},"89":{"start":{"line":90,"column":0},"end":{"line":90,"column":15}},"90":{"start":{"line":91,"column":0},"end":{"line":91,"column":13}},"91":{"start":{"line":92,"column":0},"end":{"line":92,"column":18}},"92":{"start":{"line":93,"column":0},"end":{"line":93,"column":40}},"93":{"start":{"line":94,"column":0},"end":{"line":94,"column":46}},"94":{"start":{"line":95,"column":0},"end":{"line":95,"column":10}},"95":{"start":{"line":96,"column":0},"end":{"line":96,"column":8}},"96":{"start":{"line":97,"column":0},"end":{"line":97,"column":10}},"98":{"start":{"line":99,"column":0},"end":{"line":99,"column":1}}},"s":{"0":1,"1":1,"2":1,"3":1,"5":1,"6":1,"7":1,"9":1,"11":6,"12":6,"13":6,"14":6,"15":6,"16":6,"17":6,"18":6,"19":6,"21":6,"22":2,"23":2,"24":2,"25":2,"26":0,"27":0,"28":2,"29":6,"31":6,"32":1,"33":1,"34":1,"35":1,"36":1,"37":1,"38":1,"39":1,"41":6,"42":0,"43":0,"44":0,"46":0,"47":0,"48":0,"49":0,"50":0,"51":0,"52":0,"53":0,"55":6,"56":6,"57":6,"58":6,"59":6,"60":6,"61":6,"62":6,"63":6,"64":6,"65":6,"66":6,"67":6,"68":6,"69":0,"70":0,"72":6,"73":6,"74":6,"75":6,"76":6,"77":6,"78":0,"79":0,"80":0,"81":0,"83":6,"84":6,"85":6,"86":6,"87":6,"88":6,"89":6,"90":6,"91":6,"92":6,"93":6,"94":6,"95":6,"96":6,"98":6},"branchMap":{"0":{"type":"branch","line":10,"loc":{"start":{"line":10,"column":26},"end":{"line":10,"column":70}},"locations":[{"start":{"line":10,"column":26},"end":{"line":10,"column":70}}]},"1":{"type":"branch","line":12,"loc":{"start":{"line":12,"column":0},"end":{"line":99,"column":1}},"locations":[{"start":{"line":12,"column":0},"end":{"line":99,"column":1}}]},"2":{"type":"branch","line":22,"loc":{"start":{"line":22,"column":12},"end":{"line":30,"column":5}},"locations":[{"start":{"line":22,"column":12},"end":{"line":30,"column":5}}]},"3":{"type":"branch","line":26,"loc":{"start":{"line":26,"column":10},"end":{"line":28,"column":9}},"locations":[{"start":{"line":26,"column":10},"end":{"line":28,"column":9}}]},"4":{"type":"branch","line":32,"loc":{"start":{"line":32,"column":23},"end":{"line":40,"column":4}},"locations":[{"start":{"line":32,"column":23},"end":{"line":40,"column":4}}]},"5":{"type":"branch","line":64,"loc":{"start":{"line":64,"column":20},"end":{"line":64,"column":79}},"locations":[{"start":{"line":64,"column":20},"end":{"line":64,"column":79}}]}},"b":{"0":[1],"1":[6],"2":[2],"3":[0],"4":[1],"5":[1]},"fnMap":{"0":{"name":"GalleryPage","decl":{"start":{"line":12,"column":0},"end":{"line":99,"column":1}},"loc":{"start":{"line":12,"column":0},"end":{"line":99,"column":1}},"line":12},"1":{"name":"handleSearch","decl":{"start":{"line":32,"column":23},"end":{"line":40,"column":4}},"loc":{"start":{"line":32,"column":23},"end":{"line":40,"column":4}},"line":32},"2":{"name":"setDetailsSearchParam","decl":{"start":{"line":42,"column":69},"end":{"line":54,"column":4}},"loc":{"start":{"line":42,"column":69},"end":{"line":54,"column":4}},"line":42},"3":{"name":"onSearch","decl":{"start":{"line":64,"column":20},"end":{"line":64,"column":79}},"loc":{"start":{"line":64,"column":20},"end":{"line":64,"column":79}},"line":64},"4":{"name":"onClick","decl":{"start":{"line":69,"column":17},"end":{"line":71,"column":10}},"loc":{"start":{"line":69,"column":17},"end":{"line":71,"column":10}},"line":69},"5":{"name":"onPageChange","decl":{"start":{"line":78,"column":28},"end":{"line":82,"column":19}},"loc":{"start":{"line":78,"column":28},"end":{"line":82,"column":19}},"line":78}},"f":{"0":6,"1":1,"2":0,"3":1,"4":0,"5":0}}
,"D:\\MyLife\\Fullstack\\React 2025 Q1\\react-2025-q1\\rs-react-app\\src\\shared\\ui\\error-message\\ui\\index.tsx": {"path":"D:\\MyLife\\Fullstack\\React 2025 Q1\\react-2025-q1\\rs-react-app\\src\\shared\\ui\\error-message\\ui\\index.tsx","all":false,"statementMap":{"0":{"start":{"line":1,"column":0},"end":{"line":1,"column":44}},"1":{"start":{"line":2,"column":0},"end":{"line":2,"column":36}},"4":{"start":{"line":5,"column":0},"end":{"line":5,"column":30}},"5":{"start":{"line":6,"column":0},"end":{"line":6,"column":12}},"6":{"start":{"line":7,"column":0},"end":{"line":7,"column":30}},"7":{"start":{"line":8,"column":0},"end":{"line":8,"column":12}},"8":{"start":{"line":9,"column":0},"end":{"line":9,"column":9}},"9":{"start":{"line":10,"column":0},"end":{"line":10,"column":26}},"10":{"start":{"line":11,"column":0},"end":{"line":11,"column":6}},"11":{"start":{"line":12,"column":0},"end":{"line":12,"column":18}},"12":{"start":{"line":13,"column":0},"end":{"line":13,"column":63}},"13":{"start":{"line":14,"column":0},"end":{"line":14,"column":15}},"14":{"start":{"line":15,"column":0},"end":{"line":15,"column":6}},"15":{"start":{"line":16,"column":0},"end":{"line":16,"column":13}},"17":{"start":{"line":18,"column":0},"end":{"line":18,"column":49}},"18":{"start":{"line":19,"column":0},"end":{"line":19,"column":46}},"19":{"start":{"line":20,"column":0},"end":{"line":20,"column":8}}},"s":{"0":1,"1":1,"4":1,"5":0,"6":0,"7":0,"8":0,"9":0,"10":0,"11":0,"12":0,"13":0,"14":0,"15":0,"17":0,"18":0,"19":0},"branchMap":{},"b":{},"fnMap":{"0":{"name":"ErrorMessage","decl":{"start":{"line":5,"column":28},"end":{"line":20,"column":8}},"loc":{"start":{"line":5,"column":28},"end":{"line":20,"column":8}},"line":5}},"f":{"0":0}}
,"D:\\MyLife\\Fullstack\\React 2025 Q1\\react-2025-q1\\rs-react-app\\src\\shared\\ui\\linkify-text\\ui\\index.tsx": {"path":"D:\\MyLife\\Fullstack\\React 2025 Q1\\react-2025-q1\\rs-react-app\\src\\shared\\ui\\linkify-text\\ui\\index.tsx","all":false,"statementMap":{"0":{"start":{"line":1,"column":0},"end":{"line":1,"column":36}},"3":{"start":{"line":4,"column":0},"end":{"line":4,"column":69}},"4":{"start":{"line":5,"column":0},"end":{"line":5,"column":42}},"6":{"start":{"line":7,"column":0},"end":{"line":7,"column":10}},"7":{"start":{"line":8,"column":0},"end":{"line":8,"column":17}},"8":{"start":{"line":9,"column":0},"end":{"line":9,"column":43}},"9":{"start":{"line":10,"column":0},"end":{"line":10,"column":47}},"11":{"start":{"line":12,"column":0},"end":{"line":12,"column":16}},"12":{"start":{"line":13,"column":0},"end":{"line":13,"column":15}},"13":{"start":{"line":14,"column":0},"end":{"line":14,"column":22}},"14":{"start":{"line":15,"column":0},"end":{"line":15,"column":21}},"15":{"start":{"line":16,"column":0},"end":{"line":16,"column":27}},"16":{"start":{"line":17,"column":0},"end":{"line":17,"column":90}},"18":{"start":{"line":19,"column":0},"end":{"line":19,"column":18}},"19":{"start":{"line":20,"column":0},"end":{"line":20,"column":17}},"21":{"start":{"line":22,"column":0},"end":{"line":22,"column":9}},"22":{"start":{"line":23,"column":0},"end":{"line":23,"column":8}},"24":{"start":{"line":25,"column":0},"end":{"line":25,"column":2}}},"s":{"0":1,"3":1,"4":47,"6":47,"7":47,"8":47,"9":47,"11":0,"12":0,"13":0,"14":0,"15":0,"16":0,"18":0,"19":0,"21":47,"22":47,"24":47},"branchMap":{"0":{"type":"branch","line":4,"loc":{"start":{"line":4,"column":27},"end":{"line":25,"column":2}},"locations":[{"start":{"line":4,"column":27},"end":{"line":25,"column":2}}]},"1":{"type":"branch","line":9,"loc":{"start":{"line":9,"column":32},"end":{"line":22,"column":7}},"locations":[{"start":{"line":9,"column":32},"end":{"line":22,"column":7}}]},"2":{"type":"branch","line":10,"loc":{"start":{"line":10,"column":42},"end":{"line":20,"column":17}},"locations":[{"start":{"line":10,"column":42},"end":{"line":20,"column":17}}]}},"b":{"0":[47],"1":[47],"2":[0]},"fnMap":{"0":{"name":"LinkifyText","decl":{"start":{"line":4,"column":27},"end":{"line":25,"column":2}},"loc":{"start":{"line":4,"column":27},"end":{"line":25,"column":2}},"line":4}},"f":{"0":47}}
,"D:\\MyLife\\Fullstack\\React 2025 Q1\\react-2025-q1\\rs-react-app\\src\\shared\\ui\\photo-card\\ui\\index.tsx": {"path":"D:\\MyLife\\Fullstack\\React 2025 Q1\\react-2025-q1\\rs-react-app\\src\\shared\\ui\\photo-card\\ui\\index.tsx","all":false,"statementMap":{"0":{"start":{"line":1,"column":0},"end":{"line":1,"column":70}},"1":{"start":{"line":2,"column":0},"end":{"line":2,"column":36}},"2":{"start":{"line":3,"column":0},"end":{"line":3,"column":52}},"5":{"start":{"line":6,"column":0},"end":{"line":6,"column":56}},"6":{"start":{"line":7,"column":0},"end":{"line":7,"column":56}},"8":{"start":{"line":9,"column":0},"end":{"line":9,"column":10}},"9":{"start":{"line":10,"column":0},"end":{"line":10,"column":92}},"10":{"start":{"line":11,"column":0},"end":{"line":11,"column":21}},"11":{"start":{"line":12,"column":0},"end":{"line":12,"column":12}},"12":{"start":{"line":13,"column":0},"end":{"line":13,"column":74}},"13":{"start":{"line":14,"column":0},"end":{"line":14,"column":27}},"14":{"start":{"line":15,"column":0},"end":{"line":15,"column":25}},"15":{"start":{"line":16,"column":0},"end":{"line":16,"column":10}},"17":{"start":{"line":18,"column":0},"end":{"line":18,"column":12}},"18":{"start":{"line":19,"column":0},"end":{"line":19,"column":66}},"19":{"start":{"line":20,"column":0},"end":{"line":20,"column":23}},"20":{"start":{"line":21,"column":0},"end":{"line":21,"column":42}},"21":{"start":{"line":22,"column":0},"end":{"line":22,"column":10}},"23":{"start":{"line":24,"column":0},"end":{"line":24,"column":65}},"24":{"start":{"line":25,"column":0},"end":{"line":25,"column":18}},"25":{"start":{"line":26,"column":0},"end":{"line":26,"column":26}},"27":{"start":{"line":28,"column":0},"end":{"line":28,"column":14}},"28":{"start":{"line":29,"column":0},"end":{"line":29,"column":68}},"29":{"start":{"line":30,"column":0},"end":{"line":30,"column":25}},"30":{"start":{"line":31,"column":0},"end":{"line":31,"column":44}},"31":{"start":{"line":32,"column":0},"end":{"line":32,"column":12}},"33":{"start":{"line":34,"column":0},"end":{"line":34,"column":24}},"34":{"start":{"line":35,"column":0},"end":{"line":35,"column":44}},"36":{"start":{"line":37,"column":0},"end":{"line":37,"column":31}},"38":{"start":{"line":39,"column":0},"end":{"line":39,"column":12}},"39":{"start":{"line":40,"column":0},"end":{"line":40,"column":10}},"41":{"start":{"line":42,"column":0},"end":{"line":42,"column":2}}},"s":{"0":1,"1":1,"2":1,"5":1,"6":145,"8":145,"9":145,"10":145,"11":44,"12":44,"13":44,"14":44,"15":44,"17":101,"18":101,"19":101,"20":101,"21":101,"23":145,"24":145,"25":44,"27":101,"28":101,"29":101,"30":101,"31":101,"33":145,"34":44,"36":101,"38":145,"39":145,"41":145},"branchMap":{"0":{"type":"branch","line":6,"loc":{"start":{"line":6,"column":25},"end":{"line":42,"column":2}},"locations":[{"start":{"line":6,"column":25},"end":{"line":42,"column":2}}]},"1":{"type":"branch","line":7,"loc":{"start":{"line":7,"column":45},"end":{"line":7,"column":56}},"locations":[{"start":{"line":7,"column":45},"end":{"line":7,"column":56}}]},"2":{"type":"branch","line":11,"loc":{"start":{"line":11,"column":7},"end":{"line":16,"column":10}},"locations":[{"start":{"line":11,"column":7},"end":{"line":16,"column":10}}]},"3":{"type":"branch","line":16,"loc":{"start":{"line":16,"column":8},"end":{"line":22,"column":10}},"locations":[{"start":{"line":16,"column":8},"end":{"line":22,"column":10}}]},"4":{"type":"branch","line":25,"loc":{"start":{"line":25,"column":9},"end":{"line":26,"column":26}},"locations":[{"start":{"line":25,"column":9},"end":{"line":26,"column":26}}]},"5":{"type":"branch","line":26,"loc":{"start":{"line":26,"column":21},"end":{"line":32,"column":12}},"locations":[{"start":{"line":26,"column":21},"end":{"line":32,"column":12}}]},"6":{"type":"branch","line":34,"loc":{"start":{"line":34,"column":9},"end":{"line":35,"column":44}},"locations":[{"start":{"line":34,"column":9},"end":{"line":35,"column":44}}]},"7":{"type":"branch","line":35,"loc":{"start":{"line":35,"column":42},"end":{"line":37,"column":31}},"locations":[{"start":{"line":35,"column":42},"end":{"line":37,"column":31}}]}},"b":{"0":[145],"1":[101],"2":[44],"3":[101],"4":[44],"5":[101],"6":[44],"7":[101]},"fnMap":{"0":{"name":"PhotoCard","decl":{"start":{"line":6,"column":25},"end":{"line":42,"column":2}},"loc":{"start":{"line":6,"column":25},"end":{"line":42,"column":2}},"line":6}},"f":{"0":145}}
,"D:\\MyLife\\Fullstack\\React 2025 Q1\\react-2025-q1\\rs-react-app\\src\\shared\\ui\\photo-details-content\\ui\\index.tsx": {"path":"D:\\MyLife\\Fullstack\\React 2025 Q1\\react-2025-q1\\rs-react-app\\src\\shared\\ui\\photo-details-content\\ui\\index.tsx","all":false,"statementMap":{"0":{"start":{"line":1,"column":0},"end":{"line":1,"column":70}},"1":{"start":{"line":2,"column":0},"end":{"line":2,"column":73}},"2":{"start":{"line":3,"column":0},"end":{"line":3,"column":71}},"3":{"start":{"line":4,"column":0},"end":{"line":4,"column":36}},"4":{"start":{"line":5,"column":0},"end":{"line":5,"column":52}},"7":{"start":{"line":8,"column":0},"end":{"line":8,"column":37}},"8":{"start":{"line":9,"column":0},"end":{"line":9,"column":8}},"9":{"start":{"line":10,"column":0},"end":{"line":10,"column":14}},"10":{"start":{"line":11,"column":0},"end":{"line":11,"column":9}},"11":{"start":{"line":12,"column":0},"end":{"line":12,"column":10}},"12":{"start":{"line":13,"column":0},"end":{"line":13,"column":7}},"13":{"start":{"line":14,"column":0},"end":{"line":14,"column":20}},"14":{"start":{"line":15,"column":0},"end":{"line":15,"column":33}},"15":{"start":{"line":16,"column":0},"end":{"line":16,"column":50}},"16":{"start":{"line":17,"column":0},"end":{"line":17,"column":77}},"17":{"start":{"line":18,"column":0},"end":{"line":18,"column":16}},"18":{"start":{"line":19,"column":0},"end":{"line":19,"column":75}},"20":{"start":{"line":21,"column":0},"end":{"line":21,"column":12}},"21":{"start":{"line":22,"column":0},"end":{"line":22,"column":23}},"22":{"start":{"line":23,"column":0},"end":{"line":23,"column":36}},"23":{"start":{"line":24,"column":0},"end":{"line":24,"column":66}},"24":{"start":{"line":25,"column":0},"end":{"line":25,"column":10}},"26":{"start":{"line":27,"column":0},"end":{"line":27,"column":22}},"27":{"start":{"line":28,"column":0},"end":{"line":28,"column":67}},"29":{"start":{"line":30,"column":0},"end":{"line":30,"column":29}},"31":{"start":{"line":32,"column":0},"end":{"line":32,"column":44}},"32":{"start":{"line":33,"column":0},"end":{"line":33,"column":47}},"33":{"start":{"line":34,"column":0},"end":{"line":34,"column":15}},"34":{"start":{"line":35,"column":0},"end":{"line":35,"column":13}},"35":{"start":{"line":36,"column":0},"end":{"line":36,"column":44}},"36":{"start":{"line":37,"column":0},"end":{"line":37,"column":30}},"37":{"start":{"line":38,"column":0},"end":{"line":38,"column":25}},"38":{"start":{"line":39,"column":0},"end":{"line":39,"column":9}},"39":{"start":{"line":40,"column":0},"end":{"line":40,"column":26}},"40":{"start":{"line":41,"column":0},"end":{"line":41,"column":15}},"42":{"start":{"line":43,"column":0},"end":{"line":43,"column":12}},"43":{"start":{"line":44,"column":0},"end":{"line":44,"column":23}},"44":{"start":{"line":45,"column":0},"end":{"line":45,"column":49}},"45":{"start":{"line":46,"column":0},"end":{"line":46,"column":58}},"46":{"start":{"line":47,"column":0},"end":{"line":47,"column":10}},"48":{"start":{"line":49,"column":0},"end":{"line":49,"column":10}},"49":{"start":{"line":50,"column":0},"end":{"line":50,"column":26}},"50":{"start":{"line":51,"column":0},"end":{"line":51,"column":11}},"51":{"start":{"line":52,"column":0},"end":{"line":52,"column":30}},"52":{"start":{"line":53,"column":0},"end":{"line":53,"column":23}},"53":{"start":{"line":54,"column":0},"end":{"line":54,"column":80}},"54":{"start":{"line":55,"column":0},"end":{"line":55,"column":7}},"56":{"start":{"line":57,"column":0},"end":{"line":57,"column":13}},"58":{"start":{"line":59,"column":0},"end":{"line":59,"column":10}},"59":{"start":{"line":60,"column":0},"end":{"line":60,"column":21}},"60":{"start":{"line":61,"column":0},"end":{"line":61,"column":41}},"61":{"start":{"line":62,"column":0},"end":{"line":62,"column":62}},"62":{"start":{"line":63,"column":0},"end":{"line":63,"column":8}},"64":{"start":{"line":65,"column":0},"end":{"line":65,"column":8}}},"s":{"0":1,"1":1,"2":1,"3":1,"4":1,"7":1,"8":7,"9":7,"10":7,"11":7,"12":7,"13":7,"14":7,"15":7,"16":7,"17":7,"18":3,"20":4,"21":4,"22":4,"23":4,"24":4,"26":7,"27":3,"29":4,"31":7,"32":7,"33":7,"34":3,"35":3,"36":3,"37":3,"38":3,"39":3,"40":3,"42":4,"43":4,"44":4,"45":4,"46":4,"48":7,"49":7,"50":3,"51":3,"52":3,"53":3,"54":3,"56":3,"58":4,"59":4,"60":4,"61":4,"62":4,"64":7},"branchMap":{"0":{"type":"branch","line":8,"loc":{"start":{"line":8,"column":35},"end":{"line":65,"column":8}},"locations":[{"start":{"line":8,"column":35},"end":{"line":65,"column":8}}]},"1":{"type":"branch","line":18,"loc":{"start":{"line":18,"column":7},"end":{"line":19,"column":75}},"locations":[{"start":{"line":18,"column":7},"end":{"line":19,"column":75}}]},"2":{"type":"branch","line":19,"loc":{"start":{"line":19,"column":70},"end":{"line":25,"column":10}},"locations":[{"start":{"line":19,"column":70},"end":{"line":25,"column":10}}]},"3":{"type":"branch","line":27,"loc":{"start":{"line":27,"column":7},"end":{"line":28,"column":67}},"locations":[{"start":{"line":27,"column":7},"end":{"line":28,"column":67}}]},"4":{"type":"branch","line":28,"loc":{"start":{"line":28,"column":65},"end":{"line":30,"column":29}},"locations":[{"start":{"line":28,"column":65},"end":{"line":30,"column":29}}]},"5":{"type":"branch","line":34,"loc":{"start":{"line":34,"column":7},"end":{"line":41,"column":15}},"locations":[{"start":{"line":34,"column":7},"end":{"line":41,"column":15}}]},"6":{"type":"branch","line":41,"loc":{"start":{"line":41,"column":8},"end":{"line":47,"column":10}},"locations":[{"start":{"line":41,"column":8},"end":{"line":47,"column":10}}]},"7":{"type":"branch","line":50,"loc":{"start":{"line":50,"column":5},"end":{"line":57,"column":13}},"locations":[{"start":{"line":50,"column":5},"end":{"line":57,"column":13}}]},"8":{"type":"branch","line":57,"loc":{"start":{"line":57,"column":6},"end":{"line":63,"column":8}},"locations":[{"start":{"line":57,"column":6},"end":{"line":63,"column":8}}]}},"b":{"0":[7],"1":[3],"2":[4],"3":[3],"4":[4],"5":[3],"6":[4],"7":[3],"8":[4]},"fnMap":{"0":{"name":"PhotoDetailsContent","decl":{"start":{"line":8,"column":35},"end":{"line":65,"column":8}},"loc":{"start":{"line":8,"column":35},"end":{"line":65,"column":8}},"line":8}},"f":{"0":7}}
,"D:\\MyLife\\Fullstack\\React 2025 Q1\\react-2025-q1\\rs-react-app\\src\\shared\\ui\\skeleton-paragraph\\ui\\index.tsx": {"path":"D:\\MyLife\\Fullstack\\React 2025 Q1\\react-2025-q1\\rs-react-app\\src\\shared\\ui\\skeleton-paragraph\\ui\\index.tsx","all":false,"statementMap":{"0":{"start":{"line":1,"column":0},"end":{"line":1,"column":58}},"2":{"start":{"line":3,"column":0},"end":{"line":3,"column":40}},"3":{"start":{"line":4,"column":0},"end":{"line":4,"column":6}},"4":{"start":{"line":5,"column":0},"end":{"line":5,"column":25}},"5":{"start":{"line":6,"column":0},"end":{"line":6,"column":17}},"6":{"start":{"line":7,"column":0},"end":{"line":7,"column":62}},"8":{"start":{"line":9,"column":0},"end":{"line":9,"column":30}},"9":{"start":{"line":10,"column":0},"end":{"line":10,"column":76}},"10":{"start":{"line":11,"column":0},"end":{"line":11,"column":7}},"11":{"start":{"line":12,"column":0},"end":{"line":12,"column":8}}},"s":{"0":1,"2":1,"3":105,"4":105,"5":105,"6":105,"8":105,"9":315,"10":105,"11":105},"branchMap":{"0":{"type":"branch","line":3,"loc":{"start":{"line":3,"column":33},"end":{"line":12,"column":8}},"locations":[{"start":{"line":3,"column":33},"end":{"line":12,"column":8}}]},"1":{"type":"branch","line":9,"loc":{"start":{"line":9,"column":15},"end":{"line":10,"column":76}},"locations":[{"start":{"line":9,"column":15},"end":{"line":10,"column":76}}]}},"b":{"0":[105],"1":[315]},"fnMap":{"0":{"name":"SkeletonParagraph","decl":{"start":{"line":3,"column":33},"end":{"line":12,"column":8}},"loc":{"start":{"line":3,"column":33},"end":{"line":12,"column":8}},"line":3}},"f":{"0":105}}
,"D:\\MyLife\\Fullstack\\React 2025 Q1\\react-2025-q1\\rs-react-app\\src\\widgets\\photo-cards-grid\\paginated\\ui\\index.tsx": {"path":"D:\\MyLife\\Fullstack\\React 2025 Q1\\react-2025-q1\\rs-react-app\\src\\widgets\\photo-cards-grid\\paginated\\ui\\index.tsx","all":false,"statementMap":{"0":{"start":{"line":1,"column":0},"end":{"line":1,"column":56}},"2":{"start":{"line":3,"column":0},"end":{"line":3,"column":54}},"3":{"start":{"line":4,"column":0},"end":{"line":4,"column":39}},"4":{"start":{"line":5,"column":0},"end":{"line":5,"column":42}},"7":{"start":{"line":8,"column":0},"end":{"line":8,"column":41}},"8":{"start":{"line":9,"column":0},"end":{"line":9,"column":9}},"9":{"start":{"line":10,"column":0},"end":{"line":10,"column":19}},"10":{"start":{"line":11,"column":0},"end":{"line":11,"column":37}},"11":{"start":{"line":12,"column":0},"end":{"line":12,"column":42}},"12":{"start":{"line":13,"column":0},"end":{"line":13,"column":77}},"14":{"start":{"line":15,"column":0},"end":{"line":15,"column":71}},"16":{"start":{"line":17,"column":0},"end":{"line":17,"column":40}},"17":{"start":{"line":18,"column":0},"end":{"line":18,"column":29}},"18":{"start":{"line":19,"column":0},"end":{"line":19,"column":23}},"19":{"start":{"line":20,"column":0},"end":{"line":20,"column":18}},"20":{"start":{"line":21,"column":0},"end":{"line":21,"column":7}},"21":{"start":{"line":22,"column":0},"end":{"line":22,"column":36}},"22":{"start":{"line":23,"column":0},"end":{"line":23,"column":42}},"23":{"start":{"line":24,"column":0},"end":{"line":24,"column":50}},"25":{"start":{"line":26,"column":0},"end":{"line":26,"column":55}},"26":{"start":{"line":27,"column":0},"end":{"line":27,"column":7}},"27":{"start":{"line":28,"column":0},"end":{"line":28,"column":22}},"28":{"start":{"line":29,"column":0},"end":{"line":29,"column":26}},"29":{"start":{"line":30,"column":0},"end":{"line":30,"column":33}},"30":{"start":{"line":31,"column":0},"end":{"line":31,"column":32}},"31":{"start":{"line":32,"column":0},"end":{"line":32,"column":21}},"32":{"start":{"line":33,"column":0},"end":{"line":33,"column":28}},"33":{"start":{"line":34,"column":0},"end":{"line":34,"column":12}},"34":{"start":{"line":35,"column":0},"end":{"line":35,"column":10}},"35":{"start":{"line":36,"column":0},"end":{"line":36,"column":8}},"36":{"start":{"line":37,"column":0},"end":{"line":37,"column":7}},"37":{"start":{"line":38,"column":0},"end":{"line":38,"column":21}},"38":{"start":{"line":39,"column":0},"end":{"line":39,"column":26}},"39":{"start":{"line":40,"column":0},"end":{"line":40,"column":32}},"40":{"start":{"line":41,"column":0},"end":{"line":41,"column":21}},"41":{"start":{"line":42,"column":0},"end":{"line":42,"column":42}},"42":{"start":{"line":43,"column":0},"end":{"line":43,"column":12}},"43":{"start":{"line":44,"column":0},"end":{"line":44,"column":10}},"44":{"start":{"line":45,"column":0},"end":{"line":45,"column":8}},"45":{"start":{"line":46,"column":0},"end":{"line":46,"column":31}},"46":{"start":{"line":47,"column":0},"end":{"line":47,"column":13}},"47":{"start":{"line":48,"column":0},"end":{"line":48,"column":46}},"48":{"start":{"line":49,"column":0},"end":{"line":49,"column":26}},"49":{"start":{"line":50,"column":0},"end":{"line":50,"column":44}},"50":{"start":{"line":51,"column":0},"end":{"line":51,"column":10}},"51":{"start":{"line":52,"column":0},"end":{"line":52,"column":10}},"52":{"start":{"line":53,"column":0},"end":{"line":53,"column":7}},"53":{"start":{"line":54,"column":0},"end":{"line":54,"column":21}},"54":{"start":{"line":55,"column":0},"end":{"line":55,"column":26}},"55":{"start":{"line":56,"column":0},"end":{"line":56,"column":31}},"56":{"start":{"line":57,"column":0},"end":{"line":57,"column":21}},"57":{"start":{"line":58,"column":0},"end":{"line":58,"column":42}},"58":{"start":{"line":59,"column":0},"end":{"line":59,"column":12}},"59":{"start":{"line":60,"column":0},"end":{"line":60,"column":10}},"60":{"start":{"line":61,"column":0},"end":{"line":61,"column":8}},"61":{"start":{"line":62,"column":0},"end":{"line":62,"column":7}},"62":{"start":{"line":63,"column":0},"end":{"line":63,"column":21}},"63":{"start":{"line":64,"column":0},"end":{"line":64,"column":26}},"64":{"start":{"line":65,"column":0},"end":{"line":65,"column":33}},"65":{"start":{"line":66,"column":0},"end":{"line":66,"column":31}},"66":{"start":{"line":67,"column":0},"end":{"line":67,"column":21}},"67":{"start":{"line":68,"column":0},"end":{"line":68,"column":37}},"68":{"start":{"line":69,"column":0},"end":{"line":69,"column":12}},"69":{"start":{"line":70,"column":0},"end":{"line":70,"column":10}},"70":{"start":{"line":71,"column":0},"end":{"line":71,"column":8}},"71":{"start":{"line":72,"column":0},"end":{"line":72,"column":6}},"73":{"start":{"line":74,"column":0},"end":{"line":74,"column":58}},"74":{"start":{"line":75,"column":0},"end":{"line":75,"column":58}},"75":{"start":{"line":76,"column":0},"end":{"line":76,"column":7}},"76":{"start":{"line":77,"column":0},"end":{"line":77,"column":4}},"78":{"start":{"line":79,"column":0},"end":{"line":79,"column":10}},"79":{"start":{"line":80,"column":0},"end":{"line":80,"column":48}},"80":{"start":{"line":81,"column":0},"end":{"line":81,"column":40}},"81":{"start":{"line":82,"column":0},"end":{"line":82,"column":59}},"82":{"start":{"line":83,"column":0},"end":{"line":83,"column":10}},"84":{"start":{"line":85,"column":0},"end":{"line":85,"column":2}}},"s":{"0":1,"2":1,"3":1,"4":1,"7":1,"8":9,"9":9,"10":9,"11":9,"12":9,"14":2,"16":2,"17":2,"18":2,"19":2,"20":2,"21":2,"22":2,"23":2,"25":2,"26":2,"27":2,"28":2,"29":2,"30":2,"31":2,"32":0,"33":0,"34":2,"35":2,"36":2,"37":2,"38":2,"39":2,"40":2,"41":0,"42":0,"43":2,"44":2,"45":2,"46":10,"47":10,"48":10,"49":10,"50":10,"51":2,"52":2,"53":2,"54":2,"55":2,"56":2,"57":1,"58":1,"59":2,"60":2,"61":2,"62":2,"63":2,"64":2,"65":2,"66":2,"67":0,"68":0,"69":2,"70":2,"71":2,"73":2,"74":18,"75":2,"76":9,"78":9,"79":9,"80":9,"81":9,"82":9,"84":9},"branchMap":{"0":{"type":"branch","line":8,"loc":{"start":{"line":8,"column":39},"end":{"line":85,"column":2}},"locations":[{"start":{"line":8,"column":39},"end":{"line":85,"column":2}}]},"1":{"type":"branch","line":12,"loc":{"start":{"line":12,"column":35},"end":{"line":77,"column":4}},"locations":[{"start":{"line":12,"column":35},"end":{"line":77,"column":4}}]},"2":{"type":"branch","line":13,"loc":{"start":{"line":13,"column":9},"end":{"line":13,"column":38}},"locations":[{"start":{"line":13,"column":9},"end":{"line":13,"column":38}}]},"3":{"type":"branch","line":13,"loc":{"start":{"line":13,"column":38},"end":{"line":13,"column":77}},"locations":[{"start":{"line":13,"column":38},"end":{"line":13,"column":77}}]},"4":{"type":"branch","line":13,"loc":{"start":{"line":13,"column":74},"end":{"line":76,"column":7}},"locations":[{"start":{"line":13,"column":74},"end":{"line":76,"column":7}}]},"5":{"type":"branch","line":46,"loc":{"start":{"line":46,"column":19},"end":{"line":52,"column":8}},"locations":[{"start":{"line":46,"column":19},"end":{"line":52,"column":8}}]},"6":{"type":"branch","line":57,"loc":{"start":{"line":57,"column":10},"end":{"line":59,"column":12}},"locations":[{"start":{"line":57,"column":10},"end":{"line":59,"column":12}}]},"7":{"type":"branch","line":74,"loc":{"start":{"line":74,"column":34},"end":{"line":75,"column":58}},"locations":[{"start":{"line":74,"column":34},"end":{"line":75,"column":58}}]}},"b":{"0":[9],"1":[9],"2":[2],"3":[7],"4":[2],"5":[10],"6":[1],"7":[18]},"fnMap":{"0":{"name":"PaginatedPhotoCardsGrid","decl":{"start":{"line":8,"column":39},"end":{"line":85,"column":2}},"loc":{"start":{"line":8,"column":39},"end":{"line":85,"column":2}},"line":8},"1":{"name":"renderPaginationControls","decl":{"start":{"line":12,"column":35},"end":{"line":77,"column":4}},"loc":{"start":{"line":12,"column":35},"end":{"line":77,"column":4}},"line":12},"2":{"name":"onClick","decl":{"start":{"line":32,"column":10},"end":{"line":34,"column":12}},"loc":{"start":{"line":32,"column":10},"end":{"line":34,"column":12}},"line":32},"3":{"name":"onClick","decl":{"start":{"line":41,"column":10},"end":{"line":43,"column":12}},"loc":{"start":{"line":41,"column":10},"end":{"line":43,"column":12}},"line":41},"4":{"name":"onClick","decl":{"start":{"line":50,"column":19},"end":{"line":50,"column":44}},"loc":{"start":{"line":50,"column":19},"end":{"line":50,"column":44}},"line":50},"5":{"name":"onClick","decl":{"start":{"line":57,"column":10},"end":{"line":59,"column":12}},"loc":{"start":{"line":57,"column":10},"end":{"line":59,"column":12}},"line":57},"6":{"name":"onClick","decl":{"start":{"line":67,"column":10},"end":{"line":69,"column":12}},"loc":{"start":{"line":67,"column":10},"end":{"line":69,"column":12}},"line":67}},"f":{"0":9,"1":9,"2":0,"3":0,"4":0,"5":1,"6":0}}
,"D:\\MyLife\\Fullstack\\React 2025 Q1\\react-2025-q1\\rs-react-app\\src\\widgets\\photo-cards-grid\\ui\\index.tsx": {"path":"D:\\MyLife\\Fullstack\\React 2025 Q1\\react-2025-q1\\rs-react-app\\src\\widgets\\photo-cards-grid\\ui\\index.tsx","all":false,"statementMap":{"0":{"start":{"line":1,"column":0},"end":{"line":1,"column":68}},"1":{"start":{"line":2,"column":0},"end":{"line":2,"column":47}},"2":{"start":{"line":3,"column":0},"end":{"line":3,"column":54}},"5":{"start":{"line":6,"column":0},"end":{"line":6,"column":49}},"7":{"start":{"line":8,"column":0},"end":{"line":8,"column":66}},"8":{"start":{"line":9,"column":0},"end":{"line":9,"column":45}},"9":{"start":{"line":10,"column":0},"end":{"line":10,"column":34}},"11":{"start":{"line":12,"column":0},"end":{"line":12,"column":101}},"12":{"start":{"line":13,"column":0},"end":{"line":13,"column":55}},"13":{"start":{"line":14,"column":0},"end":{"line":14,"column":69}},"14":{"start":{"line":15,"column":0},"end":{"line":15,"column":70}},"15":{"start":{"line":16,"column":0},"end":{"line":16,"column":13}},"16":{"start":{"line":17,"column":0},"end":{"line":17,"column":9}},"17":{"start":{"line":18,"column":0},"end":{"line":18,"column":9}}},"s":{"0":1,"1":1,"2":1,"5":1,"7":1,"8":16,"9":3,"11":13,"12":13,"13":141,"14":141,"15":141,"16":13,"17":13},"branchMap":{"0":{"type":"branch","line":8,"loc":{"start":{"line":8,"column":30},"end":{"line":18,"column":9}},"locations":[{"start":{"line":8,"column":30},"end":{"line":18,"column":9}}]},"1":{"type":"branch","line":9,"loc":{"start":{"line":9,"column":22},"end":{"line":9,"column":45}},"locations":[{"start":{"line":9,"column":22},"end":{"line":9,"column":45}}]},"2":{"type":"branch","line":9,"loc":{"start":{"line":9,"column":35},"end":{"line":10,"column":34}},"locations":[{"start":{"line":9,"column":35},"end":{"line":10,"column":34}}]},"3":{"type":"branch","line":10,"loc":{"start":{"line":10,"column":29},"end":{"line":18,"column":9}},"locations":[{"start":{"line":10,"column":29},"end":{"line":18,"column":9}}]},"4":{"type":"branch","line":13,"loc":{"start":{"line":13,"column":8},"end":{"line":13,"column":32}},"locations":[{"start":{"line":13,"column":8},"end":{"line":13,"column":32}}]},"5":{"type":"branch","line":13,"loc":{"start":{"line":13,"column":36},"end":{"line":16,"column":13}},"locations":[{"start":{"line":13,"column":36},"end":{"line":16,"column":13}}]},"6":{"type":"branch","line":15,"loc":{"start":{"line":15,"column":11},"end":{"line":15,"column":56}},"locations":[{"start":{"line":15,"column":11},"end":{"line":15,"column":56}}]},"7":{"type":"branch","line":15,"loc":{"start":{"line":15,"column":51},"end":{"line":15,"column":70}},"locations":[{"start":{"line":15,"column":51},"end":{"line":15,"column":70}}]},"8":{"type":"branch","line":15,"loc":{"start":{"line":15,"column":56},"end":{"line":15,"column":57}},"locations":[{"start":{"line":15,"column":56},"end":{"line":15,"column":57}}]},"9":{"type":"branch","line":15,"loc":{"start":{"line":15,"column":56},"end":{"line":15,"column":57}},"locations":[{"start":{"line":15,"column":56},"end":{"line":15,"column":57}}]}},"b":{"0":[16],"1":[6],"2":[3],"3":[13],"4":[10],"5":[141],"6":[41],"7":[100],"8":[41],"9":[100]},"fnMap":{"0":{"name":"PhotoCardsGrid","decl":{"start":{"line":8,"column":30},"end":{"line":18,"column":9}},"loc":{"start":{"line":8,"column":30},"end":{"line":18,"column":9}},"line":8}},"f":{"0":16}}
,"D:\\MyLife\\Fullstack\\React 2025 Q1\\react-2025-q1\\rs-react-app\\src\\widgets\\photo-details\\metrics\\ui\\index.tsx": {"path":"D:\\MyLife\\Fullstack\\React 2025 Q1\\react-2025-q1\\rs-react-app\\src\\widgets\\photo-details\\metrics\\ui\\index.tsx","all":false,"statementMap":{"0":{"start":{"line":1,"column":0},"end":{"line":1,"column":61}},"1":{"start":{"line":2,"column":0},"end":{"line":2,"column":66}},"4":{"start":{"line":5,"column":0},"end":{"line":5,"column":77}},"5":{"start":{"line":6,"column":0},"end":{"line":6,"column":54}},"6":{"start":{"line":7,"column":0},"end":{"line":7,"column":7}},"7":{"start":{"line":8,"column":0},"end":{"line":8,"column":29}},"8":{"start":{"line":9,"column":0},"end":{"line":9,"column":77}},"10":{"start":{"line":11,"column":0},"end":{"line":11,"column":58}},"11":{"start":{"line":12,"column":0},"end":{"line":12,"column":38}},"12":{"start":{"line":13,"column":0},"end":{"line":13,"column":39}},"13":{"start":{"line":14,"column":0},"end":{"line":14,"column":13}},"14":{"start":{"line":15,"column":0},"end":{"line":15,"column":9}},"15":{"start":{"line":16,"column":0},"end":{"line":16,"column":9}}},"s":{"0":1,"1":1,"4":1,"5":7,"6":7,"7":7,"8":7,"10":7,"11":21,"12":21,"13":21,"14":7,"15":7},"branchMap":{"0":{"type":"branch","line":5,"loc":{"start":{"line":5,"column":35},"end":{"line":16,"column":9}},"locations":[{"start":{"line":5,"column":35},"end":{"line":16,"column":9}}]},"1":{"type":"branch","line":6,"loc":{"start":{"line":6,"column":23},"end":{"line":6,"column":46}},"locations":[{"start":{"line":6,"column":23},"end":{"line":6,"column":46}}]},"2":{"type":"branch","line":6,"loc":{"start":{"line":6,"column":37},"end":{"line":6,"column":54}},"locations":[{"start":{"line":6,"column":37},"end":{"line":6,"column":54}}]},"3":{"type":"branch","line":11,"loc":{"start":{"line":11,"column":8},"end":{"line":11,"column":34}},"locations":[{"start":{"line":11,"column":8},"end":{"line":11,"column":34}}]},"4":{"type":"branch","line":11,"loc":{"start":{"line":11,"column":38},"end":{"line":14,"column":13}},"locations":[{"start":{"line":11,"column":38},"end":{"line":14,"column":13}}]},"5":{"type":"branch","line":13,"loc":{"start":{"line":13,"column":10},"end":{"line":13,"column":11}},"locations":[{"start":{"line":13,"column":10},"end":{"line":13,"column":11}}]},"6":{"type":"branch","line":13,"loc":{"start":{"line":13,"column":10},"end":{"line":13,"column":11}},"locations":[{"start":{"line":13,"column":10},"end":{"line":13,"column":11}}]}},"b":{"0":[7],"1":[3],"2":[0],"3":[4],"4":[21],"5":[9],"6":[12]},"fnMap":{"0":{"name":"PhotoDetailsMetrics","decl":{"start":{"line":5,"column":35},"end":{"line":16,"column":9}},"loc":{"start":{"line":5,"column":35},"end":{"line":16,"column":9}},"line":5}},"f":{"0":7}}
,"D:\\MyLife\\Fullstack\\React 2025 Q1\\react-2025-q1\\rs-react-app\\src\\widgets\\photo-details\\sidebar\\ui\\index.tsx": {"path":"D:\\MyLife\\Fullstack\\React 2025 Q1\\react-2025-q1\\rs-react-app\\src\\widgets\\photo-details\\sidebar\\ui\\index.tsx","all":false,"statementMap":{"0":{"start":{"line":1,"column":0},"end":{"line":1,"column":89}},"2":{"start":{"line":3,"column":0},"end":{"line":3,"column":36}},"3":{"start":{"line":4,"column":0},"end":{"line":4,"column":48}},"5":{"start":{"line":6,"column":0},"end":{"line":6,"column":42}},"6":{"start":{"line":7,"column":0},"end":{"line":7,"column":78}},"8":{"start":{"line":9,"column":0},"end":{"line":9,"column":10}},"9":{"start":{"line":10,"column":0},"end":{"line":10,"column":10}},"10":{"start":{"line":11,"column":0},"end":{"line":11,"column":20}},"11":{"start":{"line":12,"column":0},"end":{"line":12,"column":135}},"12":{"start":{"line":13,"column":0},"end":{"line":13,"column":56}},"13":{"start":{"line":14,"column":0},"end":{"line":14,"column":8}},"15":{"start":{"line":16,"column":0},"end":{"line":16,"column":20}},"16":{"start":{"line":17,"column":0},"end":{"line":17,"column":35}},"17":{"start":{"line":18,"column":0},"end":{"line":18,"column":31}},"18":{"start":{"line":19,"column":0},"end":{"line":19,"column":42}},"19":{"start":{"line":20,"column":0},"end":{"line":20,"column":10}},"20":{"start":{"line":21,"column":0},"end":{"line":21,"column":15}},"21":{"start":{"line":22,"column":0},"end":{"line":22,"column":12}},"23":{"start":{"line":24,"column":0},"end":{"line":24,"column":2}}},"s":{"0":1,"2":1,"3":1,"5":1,"6":6,"8":6,"9":6,"10":6,"11":6,"12":6,"13":6,"15":6,"16":4,"17":4,"18":4,"19":4,"20":2,"21":6,"23":6},"branchMap":{"0":{"type":"branch","line":6,"loc":{"start":{"line":6,"column":35},"end":{"line":24,"column":2}},"locations":[{"start":{"line":6,"column":35},"end":{"line":24,"column":2}}]},"1":{"type":"branch","line":13,"loc":{"start":{"line":13,"column":8},"end":{"line":13,"column":38}},"locations":[{"start":{"line":13,"column":8},"end":{"line":13,"column":38}}]},"2":{"type":"branch","line":13,"loc":{"start":{"line":13,"column":20},"end":{"line":13,"column":56}},"locations":[{"start":{"line":13,"column":20},"end":{"line":13,"column":56}}]},"3":{"type":"branch","line":16,"loc":{"start":{"line":16,"column":7},"end":{"line":20,"column":10}},"locations":[{"start":{"line":16,"column":7},"end":{"line":20,"column":10}}]},"4":{"type":"branch","line":20,"loc":{"start":{"line":20,"column":8},"end":{"line":21,"column":15}},"locations":[{"start":{"line":20,"column":8},"end":{"line":21,"column":15}}]},"5":{"type":"branch","line":19,"loc":{"start":{"line":19,"column":19},"end":{"line":19,"column":42}},"locations":[{"start":{"line":19,"column":19},"end":{"line":19,"column":42}}]}},"b":{"0":[6],"1":[4],"2":[2],"3":[4],"4":[2],"5":[1]},"fnMap":{"0":{"name":"PhotoDetailsSidebar","decl":{"start":{"line":6,"column":35},"end":{"line":24,"column":2}},"loc":{"start":{"line":6,"column":35},"end":{"line":24,"column":2}},"line":6},"1":{"name":"onClose","decl":{"start":{"line":19,"column":19},"end":{"line":19,"column":42}},"loc":{"start":{"line":19,"column":19},"end":{"line":19,"column":42}},"line":19}},"f":{"0":6,"1":1}}
,"D:\\MyLife\\Fullstack\\React 2025 Q1\\react-2025-q1\\rs-react-app\\src\\widgets\\photo-details\\topics\\ui\\index.tsx": {"path":"D:\\MyLife\\Fullstack\\React 2025 Q1\\react-2025-q1\\rs-react-app\\src\\widgets\\photo-details\\topics\\ui\\index.tsx","all":false,"statementMap":{"0":{"start":{"line":1,"column":0},"end":{"line":1,"column":36}},"3":{"start":{"line":4,"column":0},"end":{"line":4,"column":48}},"5":{"start":{"line":6,"column":0},"end":{"line":6,"column":74}},"6":{"start":{"line":7,"column":0},"end":{"line":7,"column":52}},"7":{"start":{"line":8,"column":0},"end":{"line":8,"column":31}},"8":{"start":{"line":9,"column":0},"end":{"line":9,"column":26}},"9":{"start":{"line":10,"column":0},"end":{"line":10,"column":9}},"10":{"start":{"line":11,"column":0},"end":{"line":11,"column":35}},"11":{"start":{"line":12,"column":0},"end":{"line":12,"column":55}},"13":{"start":{"line":14,"column":0},"end":{"line":14,"column":57}},"14":{"start":{"line":15,"column":0},"end":{"line":15,"column":42}},"15":{"start":{"line":16,"column":0},"end":{"line":16,"column":16}},"16":{"start":{"line":17,"column":0},"end":{"line":17,"column":37}},"17":{"start":{"line":18,"column":0},"end":{"line":18,"column":31}},"18":{"start":{"line":19,"column":0},"end":{"line":19,"column":59}},"19":{"start":{"line":20,"column":0},"end":{"line":20,"column":17}},"20":{"start":{"line":21,"column":0},"end":{"line":21,"column":28}},"21":{"start":{"line":22,"column":0},"end":{"line":22,"column":31}},"22":{"start":{"line":23,"column":0},"end":{"line":23,"column":28}},"23":{"start":{"line":24,"column":0},"end":{"line":24,"column":81}},"24":{"start":{"line":25,"column":0},"end":{"line":25,"column":51}},"25":{"start":{"line":26,"column":0},"end":{"line":26,"column":16}},"27":{"start":{"line":28,"column":0},"end":{"line":28,"column":34}},"28":{"start":{"line":29,"column":0},"end":{"line":29,"column":18}},"29":{"start":{"line":30,"column":0},"end":{"line":30,"column":15}},"30":{"start":{"line":31,"column":0},"end":{"line":31,"column":11}},"31":{"start":{"line":32,"column":0},"end":{"line":32,"column":11}},"32":{"start":{"line":33,"column":0},"end":{"line":33,"column":10}}},"s":{"0":1,"3":1,"5":1,"6":7,"7":7,"8":7,"9":7,"10":7,"11":7,"13":7,"14":45,"15":45,"16":45,"17":36,"18":36,"19":36,"20":45,"21":45,"22":45,"23":9,"24":36,"25":45,"27":45,"28":45,"29":45,"30":7,"31":7,"32":7},"branchMap":{"0":{"type":"branch","line":6,"loc":{"start":{"line":6,"column":34},"end":{"line":33,"column":10}},"locations":[{"start":{"line":6,"column":34},"end":{"line":33,"column":10}}]},"1":{"type":"branch","line":7,"loc":{"start":{"line":7,"column":22},"end":{"line":7,"column":44}},"locations":[{"start":{"line":7,"column":22},"end":{"line":7,"column":44}}]},"2":{"type":"branch","line":7,"loc":{"start":{"line":7,"column":35},"end":{"line":7,"column":52}},"locations":[{"start":{"line":7,"column":35},"end":{"line":7,"column":52}}]},"3":{"type":"branch","line":14,"loc":{"start":{"line":14,"column":10},"end":{"line":14,"column":34}},"locations":[{"start":{"line":14,"column":10},"end":{"line":14,"column":34}}]},"4":{"type":"branch","line":14,"loc":{"start":{"line":14,"column":38},"end":{"line":30,"column":15}},"locations":[{"start":{"line":14,"column":38},"end":{"line":30,"column":15}}]},"5":{"type":"branch","line":17,"loc":{"start":{"line":17,"column":20},"end":{"line":17,"column":36}},"locations":[{"start":{"line":17,"column":20},"end":{"line":17,"column":36}}]},"6":{"type":"branch","line":17,"loc":{"start":{"line":17,"column":27},"end":{"line":20,"column":17}},"locations":[{"start":{"line":17,"column":27},"end":{"line":20,"column":17}}]},"7":{"type":"branch","line":23,"loc":{"start":{"line":23,"column":16},"end":{"line":23,"column":28}},"locations":[{"start":{"line":23,"column":16},"end":{"line":23,"column":28}}]},"8":{"type":"branch","line":23,"loc":{"start":{"line":23,"column":23},"end":{"line":24,"column":81}},"locations":[{"start":{"line":23,"column":23},"end":{"line":24,"column":81}}]},"9":{"type":"branch","line":24,"loc":{"start":{"line":24,"column":20},"end":{"line":25,"column":51}},"locations":[{"start":{"line":24,"column":20},"end":{"line":25,"column":51}}]},"10":{"type":"branch","line":28,"loc":{"start":{"line":28,"column":15},"end":{"line":28,"column":31}},"locations":[{"start":{"line":28,"column":15},"end":{"line":28,"column":31}}]},"11":{"type":"branch","line":28,"loc":{"start":{"line":28,"column":22},"end":{"line":28,"column":34}},"locations":[{"start":{"line":28,"column":22},"end":{"line":28,"column":34}}]},"12":{"type":"branch","line":16,"loc":{"start":{"line":16,"column":12},"end":{"line":16,"column":13}},"locations":[{"start":{"line":16,"column":12},"end":{"line":16,"column":13}}]},"13":{"type":"branch","line":16,"loc":{"start":{"line":16,"column":12},"end":{"line":16,"column":13}},"locations":[{"start":{"line":16,"column":12},"end":{"line":16,"column":13}}]}},"b":{"0":[7],"1":[3],"2":[0],"3":[4],"4":[45],"5":[9],"6":[36],"7":[9],"8":[9],"9":[36],"10":[9],"11":[36],"12":[9],"13":[36]},"fnMap":{"0":{"name":"PhotoDetailsTopics","decl":{"start":{"line":6,"column":34},"end":{"line":33,"column":10}},"loc":{"start":{"line":6,"column":34},"end":{"line":33,"column":10}},"line":6}},"f":{"0":7}}
,"D:\\MyLife\\Fullstack\\React 2025 Q1\\react-2025-q1\\rs-react-app\\src\\widgets\\photo-gallery\\ui\\index.tsx": {"path":"D:\\MyLife\\Fullstack\\React 2025 Q1\\react-2025-q1\\rs-react-app\\src\\widgets\\photo-gallery\\ui\\index.tsx","all":false,"statementMap":{"0":{"start":{"line":1,"column":0},"end":{"line":1,"column":44}},"1":{"start":{"line":2,"column":0},"end":{"line":2,"column":49}},"2":{"start":{"line":3,"column":0},"end":{"line":3,"column":60}},"3":{"start":{"line":4,"column":0},"end":{"line":4,"column":82}},"4":{"start":{"line":5,"column":0},"end":{"line":5,"column":63}},"7":{"start":{"line":8,"column":0},"end":{"line":8,"column":38}},"8":{"start":{"line":9,"column":0},"end":{"line":9,"column":17}},"9":{"start":{"line":10,"column":0},"end":{"line":10,"column":14}},"10":{"start":{"line":11,"column":0},"end":{"line":11,"column":15}},"11":{"start":{"line":12,"column":0},"end":{"line":12,"column":23}},"12":{"start":{"line":13,"column":0},"end":{"line":13,"column":64}},"13":{"start":{"line":14,"column":0},"end":{"line":14,"column":21}},"14":{"start":{"line":15,"column":0},"end":{"line":15,"column":21}},"15":{"start":{"line":16,"column":0},"end":{"line":16,"column":18}},"16":{"start":{"line":17,"column":0},"end":{"line":17,"column":35}},"17":{"start":{"line":18,"column":0},"end":{"line":18,"column":7}},"19":{"start":{"line":20,"column":0},"end":{"line":20,"column":21}},"20":{"start":{"line":21,"column":0},"end":{"line":21,"column":12}},"21":{"start":{"line":22,"column":0},"end":{"line":22,"column":80}},"23":{"start":{"line":24,"column":0},"end":{"line":24,"column":3}},"24":{"start":{"line":25,"column":0},"end":{"line":25,"column":52}},"26":{"start":{"line":27,"column":0},"end":{"line":27,"column":43}},"28":{"start":{"line":29,"column":0},"end":{"line":29,"column":27}},"29":{"start":{"line":30,"column":0},"end":{"line":30,"column":28}},"30":{"start":{"line":31,"column":0},"end":{"line":31,"column":22}},"31":{"start":{"line":32,"column":0},"end":{"line":32,"column":25}},"32":{"start":{"line":33,"column":0},"end":{"line":33,"column":20}},"33":{"start":{"line":34,"column":0},"end":{"line":34,"column":32}},"34":{"start":{"line":35,"column":0},"end":{"line":35,"column":39}},"35":{"start":{"line":36,"column":0},"end":{"line":36,"column":8}},"36":{"start":{"line":37,"column":0},"end":{"line":37,"column":6}},"38":{"start":{"line":39,"column":0},"end":{"line":39,"column":39}},"40":{"start":{"line":41,"column":0},"end":{"line":41,"column":1}}},"s":{"0":1,"1":1,"2":1,"3":1,"4":1,"7":9,"8":9,"9":9,"10":9,"11":9,"12":9,"13":9,"14":9,"15":9,"16":9,"17":9,"19":9,"20":0,"21":0,"23":0,"24":9,"26":2,"28":2,"29":0,"30":0,"31":0,"32":0,"33":0,"34":0,"35":0,"36":0,"38":2,"40":9},"branchMap":{"0":{"type":"branch","line":8,"loc":{"start":{"line":8,"column":0},"end":{"line":41,"column":1}},"locations":[{"start":{"line":8,"column":0},"end":{"line":41,"column":1}}]},"1":{"type":"branch","line":20,"loc":{"start":{"line":20,"column":20},"end":{"line":24,"column":3}},"locations":[{"start":{"line":20,"column":20},"end":{"line":24,"column":3}}]},"2":{"type":"branch","line":25,"loc":{"start":{"line":25,"column":17},"end":{"line":25,"column":52}},"locations":[{"start":{"line":25,"column":17},"end":{"line":25,"column":52}}]},"3":{"type":"branch","line":25,"loc":{"start":{"line":25,"column":49},"end":{"line":29,"column":27}},"locations":[{"start":{"line":25,"column":49},"end":{"line":29,"column":27}}]},"4":{"type":"branch","line":29,"loc":{"start":{"line":29,"column":17},"end":{"line":37,"column":6}},"locations":[{"start":{"line":29,"column":17},"end":{"line":37,"column":6}}]},"5":{"type":"branch","line":37,"loc":{"start":{"line":37,"column":4},"end":{"line":39,"column":39}},"locations":[{"start":{"line":37,"column":4},"end":{"line":39,"column":39}}]}},"b":{"0":[9],"1":[0],"2":[7],"3":[2],"4":[0],"5":[2]},"fnMap":{"0":{"name":"PhotoGallery","decl":{"start":{"line":8,"column":0},"end":{"line":41,"column":1}},"loc":{"start":{"line":8,"column":0},"end":{"line":41,"column":1}},"line":8}},"f":{"0":9}}
}
